This is pdfTeX, Version 3.1415926-1.40.9 (MiKTeX 2.7) (preloaded format=pdflatex 2010.2.1)  3 MAR 2010 15:08
entering extended mode
**D:/Dissertação*Freitas/chp4/resultados.tex
("D:/Dissertação Freitas/chp4/resultados.tex"
LaTeX2e <2005/12/01>
Babel <v3.8l> and hyphenation patterns for english, dumylang, nohyphenation, ge
rman, ngerman, german-x-2008-06-18, ngerman-x-2008-06-18, french, loaded.
! Undefined control sequence.
l.1 \chapter
            {Ambiente de Desenvolvimento} \label{CHP:AMBI}%%
? 
! Emergency stop.
l.1 \chapter
            {Ambiente de Desenvolvimento} \label{CHP:AMBI}%%
End of file on the terminal!

 
Here is how much of TeX's memory you used:
 7 strings out of 95304
 185 string characters out of 1182725
 45021 words of memory out of 1500000
 3306 multiletter control sequences out of 110000
 3640 words of font info for 14 fonts, out of 1200000 for 2000
 14 hyphenation exceptions out of 8191
 5i,0n,1p,102b,8s stack positions out of 5000i,500n,10000p,200000b,5000s
!  ==> Fatal error occurred, no output PDF file produced!
