\BOOKMARK [1][-]{CHP:RESUM0.1}{Resumo}{}% 1
\BOOKMARK [1][-]{CHP:ABSTRACT.1}{Abstract}{}% 2
\BOOKMARK [1][-]{sumario_label.1}{Sum\341rio}{}% 3
\BOOKMARK [0][-]{chapter*.4}{Lista de Figuras}{}% 4
\BOOKMARK [0][-]{chapter*.4}{Lista de Tabelas}{}% 5
\BOOKMARK [0][-]{chapter*.4}{Lista de Siglas}{}% 6
\BOOKMARK [0][-]{chapter.1}{Introdu\347\343o}{}% 7
\BOOKMARK [1][-]{section.1.1}{Motiva\347\343o}{chapter.1}% 8
\BOOKMARK [1][-]{section.1.2}{Objetivos}{chapter.1}% 9
\BOOKMARK [2][-]{subsection.1.2.1}{Objetivos Gerais}{section.1.2}% 10
\BOOKMARK [2][-]{subsection.1.2.2}{Objetivos Espec\355ficos}{section.1.2}% 11
\BOOKMARK [1][-]{section.1.3}{Organiza\347\343o do Texto}{chapter.1}% 12
\BOOKMARK [0][-]{chapter.2}{Discos R\355gidos}{}% 13
\BOOKMARK [1][-]{section.2.1}{Introdu\347\343o}{chapter.2}% 14
\BOOKMARK [1][-]{section.2.2}{Hist\363rico}{chapter.2}% 15
\BOOKMARK [2][-]{subsection.2.2.1}{Primeiros Dispositivos}{section.2.2}% 16
\BOOKMARK [2][-]{subsection.2.2.2}{Desenvolvimento dos Desktops}{section.2.2}% 17
\BOOKMARK [1][-]{section.2.3}{Padr\365es Adotados}{chapter.2}% 18
\BOOKMARK [2][-]{subsection.2.3.1}{Form Factors}{section.2.3}% 19
\BOOKMARK [2][-]{subsection.2.3.2}{Interfaces}{section.2.3}% 20
\BOOKMARK [1][-]{section.2.4}{Hard Disk Drive}{chapter.2}% 21
\BOOKMARK [1][-]{section.2.5}{Solid-State Drive}{chapter.2}% 22
\BOOKMARK [1][-]{section.2.6}{Hard Disk Drive versus Solid-State Drive \040}{chapter.2}% 23
\BOOKMARK [2][-]{subsection.2.6.1}{Desempenho}{section.2.6}% 24
\BOOKMARK [1][-]{section.2.7}{Resumo do Cap\355tulo}{chapter.2}% 25
\BOOKMARK [0][-]{chapter.3}{Fundamenta\347\343o Te\363rica}{}% 26
\BOOKMARK [1][-]{section.3.1}{Fundamentos de Diagn\363stico de Falhas}{chapter.3}% 27
\BOOKMARK [2][-]{subsection.3.1.1}{Falha, Erro e Defeito}{section.3.1}% 28
\BOOKMARK [2][-]{subsection.3.1.2}{Diagn\363stico de Falhas}{section.3.1}% 29
\BOOKMARK [2][-]{subsection.3.1.3}{Falhas em Discos R\355gidos}{section.3.1}% 30
\BOOKMARK [1][-]{section.3.2}{SMART}{chapter.3}% 31
\BOOKMARK [1][-]{section.3.3}{Protocolos}{chapter.3}% 32
\BOOKMARK [2][-]{subsection.3.3.1}{SCSI}{section.3.3}% 33
\BOOKMARK [2][-]{subsection.3.3.2}{ATA}{section.3.3}% 34
\BOOKMARK [1][-]{section.3.4}{Resumo do Cap\355tulo}{chapter.3}% 35
\BOOKMARK [0][-]{chapter.4}{Metodologia e Implementa\347\343o}{}% 36
\BOOKMARK [1][-]{section.4.1}{Metodologia}{chapter.4}% 37
\BOOKMARK [2][-]{subsection.4.1.1}{Inser\347\343o de Falhas}{section.4.1}% 38
\BOOKMARK [2][-]{subsection.4.1.2}{Metodologia de Teste}{section.4.1}% 39
\BOOKMARK [1][-]{section.4.2}{Implementa\347\343o}{chapter.4}% 40
\BOOKMARK [2][-]{subsection.4.2.1}{ATA, SCSI, SMART e o Linux}{section.4.2}% 41
\BOOKMARK [2][-]{subsection.4.2.2}{Framework Proposto}{section.4.2}% 42
\BOOKMARK [2][-]{subsection.4.2.3}{Camada da Aplica\347\343o}{section.4.2}% 43
\BOOKMARK [2][-]{subsection.4.2.4}{Bootable}{section.4.2}% 44
\BOOKMARK [1][-]{section.4.3}{Resumo do Cap\355tulo}{chapter.4}% 45
\BOOKMARK [0][-]{chapter.5}{Resultados}{}% 46
\BOOKMARK [1][-]{section.5.1}{Camada de Aplica\347\343o}{chapter.5}% 47
\BOOKMARK [1][-]{section.5.2}{Testes}{chapter.5}% 48
\BOOKMARK [1][-]{section.5.3}{Tempo de Execu\347\343o}{chapter.5}% 49
\BOOKMARK [1][-]{section.5.4}{Resumo do Cap\355tulo}{chapter.5}% 50
\BOOKMARK [0][-]{chapter.6}{Conclus\343o}{}% 51
\BOOKMARK [1][-]{section.6.1}{Perspectivas Futuras}{chapter.6}% 52
\BOOKMARK [0][-]{chapter*.47}{Refer\352ncias Bibliogr\341ficas}{}% 53
