This is pdfTeX, Version 3.1415926-2.3-1.40.12 (TeX Live 2011) (format=pdflatex 2011.7.3)  6 FEB 2013 14:15
entering extended mode
 restricted \write18 enabled.
 %&-line parsing enabled.
**Monografia
(./Monografia.tex
LaTeX2e <2009/09/24>
Babel <v3.8l> and hyphenation patterns for english, dumylang, nohyphenation, ge
rman-x-2009-06-19, ngerman-x-2009-06-19, afrikaans, ancientgreek, ibycus, arabi
c, armenian, basque, bulgarian, catalan, pinyin, coptic, croatian, czech, danis
h, dutch, ukenglish, usenglishmax, esperanto, estonian, ethiopic, farsi, finnis
h, french, galician, german, ngerman, swissgerman, monogreek, greek, hungarian,
 icelandic, assamese, bengali, gujarati, hindi, kannada, malayalam, marathi, or
iya, panjabi, tamil, telugu, indonesian, interlingua, irish, italian, kurmanji,
 lao, latin, latvian, lithuanian, mongolian, mongolianlmc, bokmal, nynorsk, pol
ish, portuguese, romanian, russian, sanskrit, serbian, serbianc, slovak, sloven
ian, spanish, swedish, turkish, turkmen, ukrainian, uppersorbian, welsh, loaded
.
(/usr/local/texlive/2011/texmf-dist/tex/latex/base/book.cls
Document Class: book 2007/10/19 v1.4h Standard LaTeX document class
(/usr/local/texlive/2011/texmf-dist/tex/latex/base/bk12.clo
File: bk12.clo 2007/10/19 v1.4h Standard LaTeX file (size option)
)
\c@part=\count79
\c@chapter=\count80
\c@section=\count81
\c@subsection=\count82
\c@subsubsection=\count83
\c@paragraph=\count84
\c@subparagraph=\count85
\c@figure=\count86
\c@table=\count87
\abovecaptionskip=\skip41
\belowcaptionskip=\skip42
\bibindent=\dimen102
)
(./datetimepor.sty
Package: datetimepor 2002/10/30 Date Time Package version 2.0
\@DT@modctr=\count88
\@ordinalctr=\count89
\@orgargctr=\count90
\strctr=\count91
\@dtctr=\count92
\dayofyear=\count93
\dayofweek=\count94
\@day=\count95
\@month=\count96
\@year=\count97
\@hours=\count98
\@minutes=\count99
) (./monografia.sty

LaTeX Warning: You have requested package `monografia',
               but the package provides `dissertacao'.

Package: dissertacao 
(/usr/local/texlive/2011/texmf-dist/tex/latex/base/inputenc.sty
Package: inputenc 2008/03/30 v1.1d Input encoding file
\inpenc@prehook=\toks14
\inpenc@posthook=\toks15

(/usr/local/texlive/2011/texmf-dist/tex/latex/base/latin1.def
File: latin1.def 2008/03/30 v1.1d Input encoding file
))
(/usr/local/texlive/2011/texmf-dist/tex/latex/base/fontenc.sty
Package: fontenc 2005/09/27 v1.99g Standard LaTeX package

(/usr/local/texlive/2011/texmf-dist/tex/latex/base/t1enc.def
File: t1enc.def 2005/09/27 v1.99g Standard LaTeX file
LaTeX Font Info:    Redeclaring font encoding T1 on input line 43.
))
(/usr/local/texlive/2011/texmf-dist/tex/latex/hyphenat/hyphenat.sty
Package: hyphenat 2009/09/02 v2.3c hyphenation utilities
\langwohyphens=\language75
LaTeX Info: Redefining \_ on input line 43.
)
(/usr/local/texlive/2011/texmf-dist/tex/generic/babel/babel.sty
Package: babel 2008/07/06 v3.8l The Babel package

(/usr/local/texlive/2011/texmf-dist/tex/generic/babel/english.ldf
Language: english 2005/03/30 v3.3o English support from the babel system

(/usr/local/texlive/2011/texmf-dist/tex/generic/babel/babel.def
File: babel.def 2008/07/06 v3.8l Babel common definitions
\babel@savecnt=\count100
\U@D=\dimen103
)
\l@canadian = a dialect from \language\l@american 
\l@australian = a dialect from \language\l@british 
\l@newzealand = a dialect from \language\l@british 
)
(/usr/local/texlive/2011/texmf-dist/tex/generic/babel/portuges.ldf
Language: portuges 2008/03/18 v1.2q Portuguese support from the babel system
\l@brazil = a dialect from \language\l@portuges 
Package babel Info: Making " an active character on input line 145.
))
(/usr/local/texlive/2011/texmf-dist/tex/latex/tools/indentfirst.sty
Package: indentfirst 1995/11/23 v1.03 Indent first paragraph (DPC)
)
(/usr/local/texlive/2011/texmf-dist/tex/latex/float/float.sty
Package: float 2001/11/08 v1.3d Float enhancements (AL)
\c@float@type=\count101
\float@exts=\toks16
\float@box=\box26
\@float@everytoks=\toks17
\@floatcapt=\box27
)
(/usr/local/texlive/2011/texmf-dist/tex/latex/caption/caption2.sty
Package: caption2 2008/07/01 v2.2c Customising captions (AS)


Package caption2 Warning: ****************************************************
(caption2)                THIS PACKAGE IS OBSOLETE:
(caption2)                This package attempts to provide an `caption2'
(caption2)                package v2.0/2.1 author environment so that OLD
(caption2)                documents can be successfully processed. It should
(caption2)                NOT be used for NEW documents! New documents should
(caption2)                use the regular `caption' package v3.x instead.
(caption2)                ****************************************************

(/usr/local/texlive/2011/texmf-dist/tex/latex/caption/caption3.sty
Package: caption3 2010/01/14 v3.1m caption3 kernel (AR)

(/usr/local/texlive/2011/texmf-dist/tex/latex/graphics/keyval.sty
Package: keyval 1999/03/16 v1.13 key=value parser (DPC)
\KV@toks@=\toks18
)
\captionmargin=\dimen104
\captionmargin@=\dimen105
\captionwidth=\dimen106
\caption@indent=\dimen107
\caption@parindent=\dimen108
\caption@hangindent=\dimen109
)
Package caption2 Info: Running in caption2 v2.0 compatibility mode on input lin
e 209.
\captionlinewidth=\dimen110
\realcaptionwidth=\dimen111
Package caption2 Info: float package v1.2 (or newer) detected on input line 318
.
)
(/usr/local/texlive/2011/texmf-dist/tex/latex/graphics/graphicx.sty
Package: graphicx 1999/02/16 v1.0f Enhanced LaTeX Graphics (DPC,SPQR)

(/usr/local/texlive/2011/texmf-dist/tex/latex/graphics/graphics.sty
Package: graphics 2009/02/05 v1.0o Standard LaTeX Graphics (DPC,SPQR)

(/usr/local/texlive/2011/texmf-dist/tex/latex/graphics/trig.sty
Package: trig 1999/03/16 v1.09 sin cos tan (DPC)
)
(/usr/local/texlive/2011/texmf-dist/tex/latex/latexconfig/graphics.cfg
File: graphics.cfg 2010/04/23 v1.9 graphics configuration of TeX Live
)
Package graphics Info: Driver file: dvips.def on input line 91.

(/usr/local/texlive/2011/texmf-dist/tex/latex/graphics/dvips.def
File: dvips.def 1999/02/16 v3.0i Driver-dependant file (DPC,SPQR)
))
\Gin@req@height=\dimen112
\Gin@req@width=\dimen113
)
(/usr/local/texlive/2011/texmf-dist/tex/latex/subfigure/subfigure.sty
Package: subfigure 2002/03/15 v2.1.5 subfigure package
\subfigtopskip=\skip43
\subfigcapskip=\skip44
\subfigcaptopadj=\dimen114
\subfigbottomskip=\skip45
\subfigcapmargin=\dimen115
\subfiglabelskip=\skip46
\c@subfigure=\count102
\c@lofdepth=\count103
\c@subtable=\count104
\c@lotdepth=\count105

****************************************
* Local config file subfigure.cfg used *
****************************************
(/usr/local/texlive/2011/texmf-dist/tex/latex/subfigure/subfigure.cfg)
\subfig@top=\skip47
\subfig@bottom=\skip48
)
(/usr/local/texlive/2011/texmf-dist/tex/latex/wrapfig/wrapfig.sty
\wrapoverhang=\dimen116
\WF@size=\dimen117
\c@WF@wrappedlines=\count106
\WF@box=\box28
\WF@everypar=\toks19
Package: wrapfig 2003/01/31  v 3.6
)
(/usr/local/texlive/2011/texmf-dist/tex/latex/geometry/geometry.sty
Package: geometry 2010/09/12 v5.6 Page Geometry

(/usr/local/texlive/2011/texmf-dist/tex/generic/oberdiek/ifpdf.sty
Package: ifpdf 2011/01/30 v2.3 Provides the ifpdf switch (HO)
Package ifpdf Info: pdfTeX in PDF mode is detected.
)
(/usr/local/texlive/2011/texmf-dist/tex/generic/oberdiek/ifvtex.sty
Package: ifvtex 2010/03/01 v1.5 Switches for detecting VTeX and its modes (HO)
Package ifvtex Info: VTeX not detected.
)
(/usr/local/texlive/2011/texmf-dist/tex/generic/ifxetex/ifxetex.sty
Package: ifxetex 2010/09/12 v0.6 Provides ifxetex conditional
)
\Gm@cnth=\count107
\Gm@cntv=\count108
\c@Gm@tempcnt=\count109
\Gm@bindingoffset=\dimen118
\Gm@wd@mp=\dimen119
\Gm@odd@mp=\dimen120
\Gm@even@mp=\dimen121
\Gm@layoutwidth=\dimen122
\Gm@layoutheight=\dimen123
\Gm@layouthoffset=\dimen124
\Gm@layoutvoffset=\dimen125
\Gm@dimlist=\toks20
)
(/usr/local/texlive/2011/texmf-dist/tex/latex/base/alltt.sty
Package: alltt 1997/06/16 v2.0g defines alltt environment
)
(/usr/local/texlive/2011/texmf-dist/tex/latex/colortbl/colortbl.sty
Package: colortbl 2001/02/13 v0.1j Color table columns (DPC)

(/usr/local/texlive/2011/texmf-dist/tex/latex/tools/array.sty
Package: array 2008/09/09 v2.4c Tabular extension package (FMi)
\col@sep=\dimen126
\extrarowheight=\dimen127
\NC@list=\toks21
\extratabsurround=\skip49
\backup@length=\skip50
)
(/usr/local/texlive/2011/texmf-dist/tex/latex/graphics/color.sty
Package: color 2005/11/14 v1.0j Standard LaTeX Color (DPC)

(/usr/local/texlive/2011/texmf-dist/tex/latex/latexconfig/color.cfg
File: color.cfg 2007/01/18 v1.5 color configuration of teTeX/TeXLive
)
Package color Info: Driver file: pdftex.def on input line 130.

(/usr/local/texlive/2011/texmf-dist/tex/latex/pdftex-def/pdftex.def
File: pdftex.def 2011/05/27 v0.06d Graphics/color for pdfTeX

(/usr/local/texlive/2011/texmf-dist/tex/generic/oberdiek/infwarerr.sty
Package: infwarerr 2010/04/08 v1.3 Providing info/warning/message (HO)
)
(/usr/local/texlive/2011/texmf-dist/tex/generic/oberdiek/ltxcmds.sty
Package: ltxcmds 2011/04/18 v1.20 LaTeX kernel commands for general use (HO)
)
\Gread@gobject=\count110
))
\everycr=\toks22
\minrowclearance=\skip51
)
(/usr/local/texlive/2011/texmf-dist/tex/latex/tools/tabularx.sty
Package: tabularx 1999/01/07 v2.07 `tabularx' package (DPC)
\TX@col@width=\dimen128
\TX@old@table=\dimen129
\TX@old@col=\dimen130
\TX@target=\dimen131
\TX@delta=\dimen132
\TX@cols=\count111
\TX@ftn=\toks23
)
(/usr/local/texlive/2011/texmf-dist/tex/latex/tools/multicol.sty
Package: multicol 2008/12/05 v1.6h multicolumn formatting (FMi)
\c@tracingmulticols=\count112
\mult@box=\box29
\multicol@leftmargin=\dimen133
\c@unbalance=\count113
\c@collectmore=\count114
\doublecol@number=\count115
\multicoltolerance=\count116
\multicolpretolerance=\count117
\full@width=\dimen134
\page@free=\dimen135
\premulticols=\dimen136
\postmulticols=\dimen137
\multicolsep=\skip52
\multicolbaselineskip=\skip53
\partial@page=\box30
\last@line=\box31
\mult@rightbox=\box32
\mult@grightbox=\box33
\mult@gfirstbox=\box34
\mult@firstbox=\box35
\@tempa=\box36
\@tempa=\box37
\@tempa=\box38
\@tempa=\box39
\@tempa=\box40
\@tempa=\box41
\@tempa=\box42
\@tempa=\box43
\@tempa=\box44
\@tempa=\box45
\@tempa=\box46
\@tempa=\box47
\@tempa=\box48
\@tempa=\box49
\@tempa=\box50
\@tempa=\box51
\@tempa=\box52
\c@columnbadness=\count118
\c@finalcolumnbadness=\count119
\last@try=\dimen138
\multicolovershoot=\dimen139
\multicolundershoot=\dimen140
\mult@nat@firstbox=\box53
\colbreak@box=\box54
)
(/usr/local/texlive/2011/texmf-dist/tex/latex/tools/longtable.sty
Package: longtable 2004/02/01 v4.11 Multi-page Table package (DPC)
\LTleft=\skip54
\LTright=\skip55
\LTpre=\skip56
\LTpost=\skip57
\LTchunksize=\count120
\LTcapwidth=\dimen141
\LT@head=\box55
\LT@firsthead=\box56
\LT@foot=\box57
\LT@lastfoot=\box58
\LT@cols=\count121
\LT@rows=\count122
\c@LT@tables=\count123
\c@LT@chunks=\count124
\LT@p@ftn=\toks24
)
(/usr/local/texlive/2011/texmf-dist/tex/latex/carlisle/ltxtable.sty
Package: ltxtable 1995/12/11 v0.2 longtable/tabularx merge (DPC)
)
(/usr/local/texlive/2011/texmf-dist/tex/latex/multirow/multirow.sty
\bigstrutjot=\dimen142
)
(/usr/local/texlive/2011/texmf-dist/tex/latex/psfrag/psfrag.sty
Package: psfrag 1998/04/11 v3.04 PSfrag (MCG)
\pfg@pcount=\count125
\pfg@scount=\count126
\pfg@temp=\write3
)
(/usr/local/texlive/2011/texmf-dist/tex/latex/tools/enumerate.sty
Package: enumerate 1999/03/05 v3.00 enumerate extensions (DPC)
\@enLab=\toks25
)
(/usr/local/texlive/2011/texmf-dist/tex/latex/algorithms/algorithm.sty
Package: algorithm 2009/08/24 v0.1 Document Style `algorithm' - floating enviro
nment

(/usr/local/texlive/2011/texmf-dist/tex/latex/base/ifthen.sty
Package: ifthen 2001/05/26 v1.1c Standard LaTeX ifthen package (DPC)
)
\@float@every@algorithm=\toks26
\c@algorithm=\count127
)
(/usr/local/texlive/2011/texmf-dist/tex/latex/algorithms/algorithmic.sty
Package: algorithmic 2009/08/24 v0.1 Document Style `algorithmic'
\c@ALC@unique=\count128
\c@ALC@line=\count129
\c@ALC@rem=\count130
\c@ALC@depth=\count131
\ALC@tlm=\skip58
\algorithmicindent=\skip59
)
(/usr/local/texlive/2011/texmf-dist/tex/latex/fancyhdr/fancyhdr.sty
\fancy@headwidth=\skip60
\f@ncyO@elh=\skip61
\f@ncyO@erh=\skip62
\f@ncyO@olh=\skip63
\f@ncyO@orh=\skip64
\f@ncyO@elf=\skip65
\f@ncyO@erf=\skip66
\f@ncyO@olf=\skip67
\f@ncyO@orf=\skip68
)
(/usr/local/texlive/2011/texmf-dist/tex/latex/fncychap/fncychap.sty
Package: fncychap 2007/07/30 v1.34 LaTeX package (Revised chapters)
\RW=\skip69
\mylen=\skip70
\myhi=\skip71
\px=\skip72
\py=\skip73
\pyy=\skip74
\pxx=\skip75
)
(/usr/local/texlive/2011/texmf-dist/tex/latex/titlesec/titlesec.sty
Package: titlesec 2007/08/12 v2.8 Sectioning titles
\ttl@box=\box59
\beforetitleunit=\skip76
\aftertitleunit=\skip77
\ttl@plus=\dimen143
\ttl@minus=\dimen144
\ttl@toksa=\toks27
\titlewidth=\dimen145
\titlewidthlast=\dimen146
\titlewidthfirst=\dimen147
)
(/usr/local/texlive/2011/texmf-dist/tex/latex/titlesec/titletoc.sty
Package: titletoc 2007/08/12 v1.6 TOC entries
\ttl@leftsep=\dimen148
)
(/usr/local/texlive/2011/texmf-dist/tex/latex/amsmath/amsmath.sty
Package: amsmath 2000/07/18 v2.13 AMS math features
\@mathmargin=\skip78

For additional information on amsmath, use the `?' option.
(/usr/local/texlive/2011/texmf-dist/tex/latex/amsmath/amstext.sty
Package: amstext 2000/06/29 v2.01

(/usr/local/texlive/2011/texmf-dist/tex/latex/amsmath/amsgen.sty
File: amsgen.sty 1999/11/30 v2.0
\@emptytoks=\toks28
\ex@=\dimen149
))
(/usr/local/texlive/2011/texmf-dist/tex/latex/amsmath/amsbsy.sty
Package: amsbsy 1999/11/29 v1.2d
\pmbraise@=\dimen150
)
(/usr/local/texlive/2011/texmf-dist/tex/latex/amsmath/amsopn.sty
Package: amsopn 1999/12/14 v2.01 operator names
)
\inf@bad=\count132
LaTeX Info: Redefining \frac on input line 211.
\uproot@=\count133
\leftroot@=\count134
LaTeX Info: Redefining \overline on input line 307.
\classnum@=\count135
\DOTSCASE@=\count136
LaTeX Info: Redefining \ldots on input line 379.
LaTeX Info: Redefining \dots on input line 382.
LaTeX Info: Redefining \cdots on input line 467.
\Mathstrutbox@=\box60
\strutbox@=\box61
\big@size=\dimen151
LaTeX Font Info:    Redeclaring font encoding OML on input line 567.
LaTeX Font Info:    Redeclaring font encoding OMS on input line 568.
\macc@depth=\count137
\c@MaxMatrixCols=\count138
\dotsspace@=\muskip10
\c@parentequation=\count139
\dspbrk@lvl=\count140
\tag@help=\toks29
\row@=\count141
\column@=\count142
\maxfields@=\count143
\andhelp@=\toks30
\eqnshift@=\dimen152
\alignsep@=\dimen153
\tagshift@=\dimen154
\tagwidth@=\dimen155
\totwidth@=\dimen156
\lineht@=\dimen157
\@envbody=\toks31
\multlinegap=\skip79
\multlinetaggap=\skip80
\mathdisplay@stack=\toks32
LaTeX Info: Redefining \[ on input line 2666.
LaTeX Info: Redefining \] on input line 2667.
)
(/usr/local/texlive/2011/texmf-dist/tex/latex/amsfonts/amsfonts.sty
Package: amsfonts 2009/06/22 v3.00 Basic AMSFonts support
\symAMSa=\mathgroup4
\symAMSb=\mathgroup5
LaTeX Font Info:    Overwriting math alphabet `\mathfrak' in version `bold'
(Font)                  U/euf/m/n --> U/euf/b/n on input line 96.
)
(/usr/local/texlive/2011/texmf-dist/tex/latex/amsfonts/amssymb.sty
Package: amssymb 2009/06/22 v3.00
)
(/usr/local/texlive/2011/texmf-dist/tex/latex/setspace/setspace.sty
Package: setspace 2000/12/01 6.7 Contributed and Supported LaTeX2e package

Package: `setspace' 6.7 <2000/12/01>
)) (/usr/local/texlive/2011/texmf-dist/tex/latex/appendix/appendix.sty
Package: appendix 2009/09/02 v1.2b extra appendix facilities
\c@@pps=\count144
\c@@ppsavesec=\count145
\c@@ppsaveapp=\count146
)
(/usr/local/texlive/2011/texmf-dist/tex/latex/rotating/rotating.sty
Package: rotating 2009/03/28 v2.16a rotated objects in LaTeX
\c@r@tfl@t=\count147
\rotFPtop=\skip81
\rotFPbot=\skip82
\rot@float@box=\box62
\rot@mess@toks=\toks33
)
(./monografia_defs.sty
Package: monografia_defs 
) (./assinatura.sty
Package: assinatura 
\signwidth=\skip83
\signthickness=\skip84
\signskip=\skip85
)
(/usr/local/texlive/2011/texmf-dist/tex/latex/sidecap/sidecap.sty
Package: sidecap 2003/06/06 v1.6f SideCap Package (RN/HjG)
\SC@BOXWD=\dimen158
\SC@CAPWD=\dimen159
\SC@tempdima=\dimen160
\SC@tempdimb=\dimen161
\c@SC@C=\count148
\SC@BOX=\box63
)
(/usr/local/texlive/2011/texmf-dist/tex/latex/supertabular/supertabular.sty
Package: supertabular 2004/02/20 v4.1e the supertabular environment
\c@tracingst=\count149
\ST@wd=\dimen162
\ST@rightskip=\skip86
\ST@leftskip=\skip87
\ST@parfillskip=\skip88
\ST@pageleft=\dimen163
\ST@headht=\dimen164
\ST@tailht=\dimen165
\ST@pagesofar=\dimen166
\ST@pboxht=\dimen167
\ST@lineht=\dimen168
\ST@stretchht=\dimen169
\ST@prevht=\dimen170
\ST@toadd=\dimen171
\ST@dimen=\dimen172
\ST@pbox=\box64
)
(/usr/local/texlive/2011/texmf-dist/tex/latex/tocloft/tocloft.sty
Package: tocloft 2010/10/13 v2.3e parameterised ToC, etc., typesetting
Package tocloft Info: The document has chapter divisions on input line 43.
\cftparskip=\skip89
\cftbeforetoctitleskip=\skip90
\cftaftertoctitleskip=\skip91
\cftbeforepartskip=\skip92
\cftpartnumwidth=\skip93
\cftpartindent=\skip94
\cftbeforechapskip=\skip95
\cftchapindent=\skip96
\cftchapnumwidth=\skip97
\cftbeforesecskip=\skip98
\cftsecindent=\skip99
\cftsecnumwidth=\skip100
\cftbeforesubsecskip=\skip101
\cftsubsecindent=\skip102
\cftsubsecnumwidth=\skip103
\cftbeforesubsubsecskip=\skip104
\cftsubsubsecindent=\skip105
\cftsubsubsecnumwidth=\skip106
\cftbeforeparaskip=\skip107
\cftparaindent=\skip108
\cftparanumwidth=\skip109
\cftbeforesubparaskip=\skip110
\cftsubparaindent=\skip111
\cftsubparanumwidth=\skip112
\cftbeforeloftitleskip=\skip113
\cftafterloftitleskip=\skip114
\cftbeforefigskip=\skip115
\cftfigindent=\skip116
\cftfignumwidth=\skip117
\cftbeforelottitleskip=\skip118
\cftafterlottitleskip=\skip119
\cftbeforetabskip=\skip120
\cfttabindent=\skip121
\cfttabnumwidth=\skip122
\cftbeforesubfigskip=\skip123
\cftsubfigindent=\skip124
\cftsubfignumwidth=\skip125
\cftbeforesubtabskip=\skip126
\cftsubtabindent=\skip127
\cftsubtabnumwidth=\skip128
)
(/usr/local/texlive/2011/texmf-dist/tex/latex/tools/varioref.sty
Package: varioref 2009/09/13 v1.4w package for extended references (FMi)
\c@vrcnt=\count150
)
(/usr/local/texlive/2011/texmf-dist/tex/latex/base/fontenc.sty
Package: fontenc 2005/09/27 v1.99g Standard LaTeX package

(/usr/local/texlive/2011/texmf-dist/tex/latex/base/t1enc.def
File: t1enc.def 2005/09/27 v1.99g Standard LaTeX file
LaTeX Font Info:    Redeclaring font encoding T1 on input line 43.
))
(/usr/local/texlive/2011/texmf-dist/tex/latex/hyperref/hyperref.sty
Package: hyperref 2011/04/17 v6.82g Hypertext links for LaTeX

(/usr/local/texlive/2011/texmf-dist/tex/generic/oberdiek/hobsub-hyperref.sty
Package: hobsub-hyperref 2011/04/23 v1.4 Bundle oberdiek, subset hyperref (HO)

(/usr/local/texlive/2011/texmf-dist/tex/generic/oberdiek/hobsub-generic.sty
Package: hobsub-generic 2011/04/23 v1.4 Bundle oberdiek, subset generic (HO)
Package: hobsub 2011/04/23 v1.4 Subsetting bundle oberdiek (HO)
Package hobsub Info: Skipping package `infwarerr' (already loaded).
Package hobsub Info: Skipping package `ltxcmds' (already loaded).
Package: ifluatex 2010/03/01 v1.3 Provides the ifluatex switch (HO)
Package ifluatex Info: LuaTeX not detected.
Package hobsub Info: Skipping package `ifvtex' (already loaded).
Package: intcalc 2007/09/27 v1.1 Expandable integer calculations (HO)
Package hobsub Info: Skipping package `ifpdf' (already loaded).
Package: etexcmds 2011/02/16 v1.5 Prefix for e-TeX command names (HO)
Package etexcmds Info: Could not find \expanded.
(etexcmds)             That can mean that you are not using pdfTeX 1.50 or
(etexcmds)             that some package has redefined \expanded.
(etexcmds)             In the latter case, load this package earlier.
Package: kvsetkeys 2011/04/07 v1.13 Key value parser (HO)
Package: kvdefinekeys 2011/04/07 v1.3 Defining keys (HO)
Package: pdftexcmds 2011/04/22 v0.16 Utilities of pdfTeX for LuaTeX (HO)
Package pdftexcmds Info: LuaTeX not detected.
Package pdftexcmds Info: \pdf@primitive is available.
Package pdftexcmds Info: \pdf@ifprimitive is available.
Package pdftexcmds Info: \pdfdraftmode found.
Package: pdfescape 2011/04/04 v1.12 Provides string conversions (HO)
Package: bigintcalc 2011/01/30 v1.2 Expandable big integer calculations (HO)
Package: bitset 2011/01/30 v1.1 Data type bit set (HO)
Package: uniquecounter 2011/01/30 v1.2 Provides unlimited unique counter (HO)
)
Package hobsub Info: Skipping package `hobsub' (already loaded).
Package: letltxmacro 2010/09/02 v1.4 Let assignment for LaTeX macros (HO)
Package: hopatch 2011/01/30 v1.0 Wrapper for package hooks (HO)
Package: xcolor-patch 2011/01/30 xcolor patch
Package: atveryend 2011/04/23 v1.7 Hooks at very end of document (HO)
Package atveryend Info: \enddocument detected (standard).
Package: atbegshi 2011/01/30 v1.15 At begin shipout hook (HO)
Package: refcount 2010/12/01 v3.2 Data extraction from references (HO)
Package: hycolor 2011/01/30 v1.7 Color options of hyperref/bookmark (HO)
)
(/usr/local/texlive/2011/texmf-dist/tex/latex/oberdiek/kvoptions.sty
Package: kvoptions 2010/12/23 v3.10 Keyval support for LaTeX options (HO)
)
\@linkdim=\dimen173
\Hy@linkcounter=\count151
\Hy@pagecounter=\count152

(/usr/local/texlive/2011/texmf-dist/tex/latex/hyperref/pd1enc.def
File: pd1enc.def 2011/04/17 v6.82g Hyperref: PDFDocEncoding definition (HO)
)
\Hy@SavedSpaceFactor=\count153

(/usr/local/texlive/2011/texmf-dist/tex/latex/latexconfig/hyperref.cfg
File: hyperref.cfg 2002/06/06 v1.2 hyperref configuration of TeXLive
)
Package hyperref Info: Option `final' set `true' on input line 3905.
Package hyperref Info: Option `breaklinks' set `true' on input line 3905.
Package hyperref Info: Option `final' set `true' on input line 3905.
Package hyperref Info: Hyper figures OFF on input line 4026.
Package hyperref Info: Link nesting OFF on input line 4031.
Package hyperref Info: Hyper index ON on input line 4034.
Package hyperref Info: Plain pages OFF on input line 4041.
Package hyperref Info: Backreferencing OFF on input line 4046.
Package hyperref Info: Implicit mode ON; LaTeX internals redefined.
Package hyperref Info: Bookmarks ON on input line 4264.
\c@Hy@tempcnt=\count154

(/usr/local/texlive/2011/texmf-dist/tex/latex/url/url.sty
\Urlmuskip=\muskip11
Package: url 2006/04/12  ver 3.3  Verb mode for urls, etc.
)
LaTeX Info: Redefining \url on input line 4617.
\Fld@menulength=\count155
\Field@Width=\dimen174
\Fld@charsize=\dimen175
Package hyperref Info: Hyper figures OFF on input line 5701.
Package hyperref Info: Link nesting OFF on input line 5706.
Package hyperref Info: Hyper index ON on input line 5709.
Package hyperref Info: backreferencing OFF on input line 5716.
Package hyperref Info: Link coloring OFF on input line 5721.
Package hyperref Info: Link coloring with OCG OFF on input line 5726.
Package hyperref Info: PDF/A mode OFF on input line 5731.
LaTeX Info: Redefining \ref on input line 5771.
LaTeX Info: Redefining \pageref on input line 5775.
\Hy@abspage=\count156
\c@Item=\count157
)

Package hyperref Message: Driver (autodetected): hpdftex.

(/usr/local/texlive/2011/texmf-dist/tex/latex/hyperref/hpdftex.def
File: hpdftex.def 2011/04/17 v6.82g Hyperref driver for pdfTeX
\Fld@listcount=\count158
\c@bookmark@seq@number=\count159

(/usr/local/texlive/2011/texmf-dist/tex/latex/oberdiek/rerunfilecheck.sty
Package: rerunfilecheck 2011/04/15 v1.7 Rerun checks for auxiliary files (HO)
Package uniquecounter Info: New unique counter `rerunfilecheck' on input line 2
82.
)
\Hy@SectionHShift=\skip129
)
(/usr/local/texlive/2011/texmf-dist/tex/latex/cite/cite.sty
LaTeX Info: Redefining \cite on input line 302.
LaTeX Info: Redefining \nocite on input line 373.
Package: cite 2010/09/10  v 5.3
)
(/usr/local/texlive/2011/texmf-dist/tex/latex/texmf/tex/latex/abntex/abntcite.s
ty
(/usr/local/texlive/2011/texmf-dist/tex/latex/texmf/tex/latex/abntex/cvs-id.def
)
Package: abntcite 2003/10/13 v1.26 Chamadas de referencias no texto (NBR10520)
 (/usr/local/texlive/2011/texmf-dist/tex/latex/tools/calc.sty
Package: calc 2007/08/22 v4.3 Infix arithmetic (KKT,FJ)
\calc@Acount=\count160
\calc@Bcount=\count161
\calc@Adimen=\dimen176
\calc@Bdimen=\dimen177
\calc@Askip=\skip130
\calc@Bskip=\skip131
LaTeX Info: Redefining \setlength on input line 76.
LaTeX Info: Redefining \addtolength on input line 77.
\calc@Ccount=\count162
\calc@Cskip=\skip132
)
(/usr/local/texlive/2011/texmf-dist/tex/latex/texmf/tex/latex/abntex/abntex-abr
ev.sty
(/usr/local/texlive/2011/texmf-dist/tex/latex/texmf/tex/latex/abntex/cvs-id.def
)
Package: abntex-abrev 2003/10/13 v1.3 Abreviacoes

(/usr/local/texlive/2011/texmf-dist/tex/latex/texmf/tex/latex/abntex/nbr10522-1
988.def
(/usr/local/texlive/2011/texmf-dist/tex/latex/texmf/tex/latex/abntex/cvs-id.def
)
File: nbr10522-1988.def 2003/10/13 v1.2 Abreviacoes bibliograficas (NBR10522:19
88)
)
(/usr/local/texlive/2011/texmf-dist/tex/latex/texmf/tex/latex/abntex/abntex-abr
ev-pt_BR.def
(/usr/local/texlive/2011/texmf-dist/tex/latex/texmf/tex/latex/abntex/cvs-id.def
)
File: abntex-abrev-pt_BR.def 2003/10/13 v1.2 definicao de abntex-abrev, traduca
o de termos en_US/pt_BR
))
(/usr/local/texlive/2011/texmf-dist/tex/latex/texmf/tex/latex/abntex/nbr10520-2
002.def
(/usr/local/texlive/2011/texmf-dist/tex/latex/texmf/tex/latex/abntex/cvs-id.def
)
File: nbr10520-2002.def 2003/10/13 v1.2 Definicoes para abntcite (NBR10520:2002
)
)
\minimumbiblabelwidth=\skip133
\ABCIauxlen=\skip134
\c@ABCIaux=\count163
\c@ABCImax=\count164
 (/usr/local/texlive/2011/texmf-dist/tex/latex/relsize/relsize.sty
Package: relsize 2003/07/04 ver 3.1
)
\biblabelsep=\skip135
LaTeX Info: Redefining \newblock on input line 562.
LaTeX Info: Redefining \cite on input line 589.
LaTeX Info: Redefining \citeonline on input line 647.
\ABCItoken=\toks34
)
(/usr/local/texlive/2011/texmf-dist/tex/latex/acronym/acronym.sty
Package: acronym 2010/09/08 v1.36 Support for acronyms (Tobias Oetiker)

(/usr/local/texlive/2011/texmf-dist/tex/latex/bigfoot/suffix.sty
Package: suffix 2006/07/15 1.5 Variant command support
)
\AC@clearlist=\toks35
)
(/usr/local/texlive/2011/texmf-dist/tex/latex/hvfloat/hvfloat.sty
Package: hvfloat 2003/05/31 rotating of floating objects

`hvfloat' v1.1, 2003/05/31 (Herbert Voss)
\hvObjectWidth=\skip136
\hvCapWidth=\skip137
\hvMaxCapWidth=\skip138
\hvObjectBox=\box65
\hvCaptionBox=\box66
\hvOBox=\box67
\hvAboveCaptionSkip=\skip139
\hvBelowCaptionSkip=\skip140
) (./here.sty)
(/usr/local/texlive/2011/texmf-dist/tex/latex/listings/listings.sty
\lst@mode=\count165
\lst@gtempboxa=\box68
\lst@token=\toks36
\lst@length=\count166
\lst@currlwidth=\dimen178
\lst@column=\count167
\lst@pos=\count168
\lst@lostspace=\dimen179
\lst@width=\dimen180
\lst@newlines=\count169
\lst@lineno=\count170
\lst@maxwidth=\dimen181

(/usr/local/texlive/2011/texmf-dist/tex/latex/listings/lstmisc.sty
File: lstmisc.sty 2007/02/22 1.4 (Carsten Heinz)
\c@lstnumber=\count171
\lst@skipnumbers=\count172
\lst@framebox=\box69
)
(/usr/local/texlive/2011/texmf-dist/tex/latex/listings/listings.cfg
File: listings.cfg 2007/02/22 1.4 listings configuration
))
Package: listings 2007/02/22 1.4 (Carsten Heinz)

(/usr/local/texlive/2011/texmf-dist/tex/latex/etoolbox/etoolbox.sty
Package: etoolbox 2011/01/03 v2.1 e-TeX tools for LaTeX

(/usr/local/texlive/2011/texmf-dist/tex/latex/etex-pkg/etex.sty
Package: etex 1998/03/26 v2.0 eTeX basic definition package (PEB)
\et@xins=\count173
)
\etb@tempcnta=\count174
)
(./Monografia.aux (./pretexto/capa_externa.aux) (./pretexto/capa.aux)
(./pretexto/folhadeaprovacao.aux) (./pretexto/resumo.aux)
(./pretexto/abstract.aux) (./pretexto/dedicatoria.aux)
(./pretexto/epistrofe.aux) (./chp1/introducao.aux) (./chp2/hd.aux)
(./chp3/ferramentas.aux) (./chp4/metodologia.aux) (./chp5/resultados.aux)
(./chp6/conclusoes.aux))
\openout1 = `Monografia.aux'.

LaTeX Font Info:    Checking defaults for OML/cmm/m/it on input line 110.
LaTeX Font Info:    ... okay on input line 110.
LaTeX Font Info:    Checking defaults for T1/cmr/m/n on input line 110.
LaTeX Font Info:    ... okay on input line 110.
LaTeX Font Info:    Checking defaults for OT1/cmr/m/n on input line 110.
LaTeX Font Info:    ... okay on input line 110.
LaTeX Font Info:    Checking defaults for OMS/cmsy/m/n on input line 110.
LaTeX Font Info:    ... okay on input line 110.
LaTeX Font Info:    Checking defaults for OMX/cmex/m/n on input line 110.
LaTeX Font Info:    ... okay on input line 110.
LaTeX Font Info:    Checking defaults for U/cmr/m/n on input line 110.
LaTeX Font Info:    ... okay on input line 110.
LaTeX Font Info:    Checking defaults for PD1/pdf/m/n on input line 110.
LaTeX Font Info:    ... okay on input line 110.
Package caption Info: Begin \AtBeginDocument code.
Package caption Info: End \AtBeginDocument code.

(/usr/local/texlive/2011/texmf-dist/tex/latex/oberdiek/epstopdf-base.sty
Package: epstopdf-base 2010/02/09 v2.5 Base part for package epstopdf

(/usr/local/texlive/2011/texmf-dist/tex/latex/oberdiek/grfext.sty
Package: grfext 2010/08/19 v1.1 Managing graphics extensions (HO)
)
Package epstopdf-base Info: Redefining graphics rule for `.eps' on input line 4
34.
Package grfext Info: Graphics extension search list:
(grfext)             [.png,.pdf,.jpg,.mps,.jpeg,.jbig2,.jb2,.PNG,.PDF,.JPG,.JPE
G,.JBIG2,.JB2,.eps]
(grfext)             \AppendGraphicsExtensions on input line 452.

(/usr/local/texlive/2011/texmf-dist/tex/latex/latexconfig/epstopdf-sys.cfg
File: epstopdf-sys.cfg 2010/07/13 v1.3 Configuration of (r)epstopdf for TeX Liv
e
))
*geometry* detected driver: dvips
*geometry* verbose mode - [ preamble ] result:
* driver: dvips
* paper: a4paper
* layout: <same size as paper>
* layoutoffset:(h,v)=(0.0pt,0.0pt)
* modes: 
* h-part:(L,W,R)=(85.35826pt, 426.79135pt, 85.35826pt)
* v-part:(T,H,B)=(99.58464pt, 660.10394pt, 85.35826pt)
* \paperwidth=597.50787pt
* \paperheight=845.04684pt
* \textwidth=426.79135pt
* \textheight=660.10394pt
* \oddsidemargin=13.08827pt
* \evensidemargin=13.08827pt
* \topmargin=-4.55914pt
* \headheight=12.0pt
* \headsep=19.8738pt
* \topskip=12.0pt
* \footskip=30.0pt
* \marginparwidth=38.0pt
* \marginparsep=7.0pt
* \columnsep=10.0pt
* \skip\footins=10.8pt plus 4.0pt minus 2.0pt
* \hoffset=0.0pt
* \voffset=0.0pt
* \mag=1000
* \@twocolumnfalse
* \@twosidefalse
* \@mparswitchfalse
* \@reversemarginfalse
* (1in=72.27pt=25.4mm, 1cm=28.453pt)

(/usr/local/texlive/2011/texmf-dist/tex/context/base/supp-pdf.mkii
[Loading MPS to PDF converter (version 2006.09.02).]
\scratchcounter=\count175
\scratchdimen=\dimen182
\scratchbox=\box70
\nofMPsegments=\count176
\nofMParguments=\count177
\everyMPshowfont=\toks37
\MPscratchCnt=\count178
\MPscratchDim=\dimen183
\MPnumerator=\count179
\makeMPintoPDFobject=\count180
\everyMPtoPDFconversion=\toks38
) (/usr/local/texlive/2011/texmf-dist/tex/latex/ms/ragged2e.sty
Package: ragged2e 2009/05/21 v2.1 ragged2e Package (MS)

(/usr/local/texlive/2011/texmf-dist/tex/latex/ms/everysel.sty
Package: everysel 2009/05/30 v1.1 EverySelectfont Package (MS)
LaTeX Info: Redefining \selectfont on input line 117.
)
\CenteringLeftskip=\skip141
\RaggedLeftLeftskip=\skip142
\RaggedRightLeftskip=\skip143
\CenteringRightskip=\skip144
\RaggedLeftRightskip=\skip145
\RaggedRightRightskip=\skip146
\CenteringParfillskip=\skip147
\RaggedLeftParfillskip=\skip148
\RaggedRightParfillskip=\skip149
\JustifyingParfillskip=\skip150
\CenteringParindent=\skip151
\RaggedLeftParindent=\skip152
\RaggedRightParindent=\skip153
\JustifyingParindent=\skip154
)
\AtBeginShipoutBox=\box71
Package hyperref Info: Link coloring OFF on input line 110.

(/usr/local/texlive/2011/texmf-dist/tex/latex/hyperref/nameref.sty
Package: nameref 2010/04/30 v2.40 Cross-referencing by name of section

(/usr/local/texlive/2011/texmf-dist/tex/generic/oberdiek/gettitlestring.sty
Package: gettitlestring 2010/12/03 v1.4 Cleanup title references (HO)
)
\c@section@level=\count181
LaTeX Info: Redefining \Ref on input line 498.
)
LaTeX Info: Redefining \ref on input line 110.
LaTeX Info: Redefining \pageref on input line 110.
LaTeX Info: Redefining \nameref on input line 110.

(./Monografia.out) (./Monografia.out)
\@outlinefile=\write4
\openout4 = `Monografia.out'.

LaTeX Info: Redefining \Ref on input line 110.
\c@lstlisting=\count182
\openout2 = `pretexto/capa_externa.aux'.

 (./pretexto/capa_externa.tex
<figs/ufc.jpg, id=211, 383.4325pt x 466.74374pt>
File: figs/ufc.jpg Graphic file (type jpg)
 <use figs/ufc.jpg>
Package pdftex.def Info: figs/ufc.jpg used on input line 4.
(pdftex.def)             Requested size: 71.13188pt x 86.58125pt.
) [1
Non-PDF special ignored!
Non-PDF special ignored!


{/usr/local/texlive/2011/texmf-var/fonts/map/pdftex/updmap/pdftex.map} <./figs/
ufc.jpg>]
\openout2 = `pretexto/capa.aux'.

 (./pretexto/capa.tex
(/usr/local/texlive/2011/texmf-dist/tex/latex/amsfonts/umsa.fd)
(/usr/local/texlive/2011/texmf-dist/tex/latex/amsfonts/umsb.fd)) [2


]
\openout2 = `pretexto/folhadeaprovacao.aux'.


(./pretexto/folhadeaprovacao.tex) [3


]
\openout2 = `pretexto/resumo.aux'.

 (./pretexto/resumo.tex
\tmpht=\dimen184
Package acronym Info: Label `acro:ATA' newly defined as it shall be overridden
although it is yet undefined on input line 7.
Package acronym Info: Label `acro:SCSI' newly defined as it shall be overridden

although it is yet undefined on input line 7.
) [1




]
\openout2 = `pretexto/abstract.aux'.


(./pretexto/abstract.tex
\tmpht=\dimen185
) [2



]
\openout2 = `pretexto/dedicatoria.aux'.

 (./pretexto/dedicatoria.tex) [3


]
\openout2 = `pretexto/epistrofe.aux'.


(./pretexto/epistrofe.tex) [4


] (./Monografia.toc [5

])
\tf@toc=\write5
\openout5 = `Monografia.toc'.

 [6] (./Monografia.lof

LaTeX Warning: Citation `Mamun:2007' on page vii undefined on input line 4.


LaTeX Warning: Citation `Morimoto:2007' on page vii undefined on input line 9.


LaTeX Warning: Citation `Potts:2008' on page vii undefined on input line 10.


LaTeX Warning: Citation `Mamun:2007' on page vii undefined on input line 11.

Package acronym Info: Label `acro:HDD' newly defined as it shall be overridden
although it is yet undefined on input line 12.

LaTeX Warning: Citation `Happy:ssd' on page vii undefined on input line 15.


LaTeX Warning: Citation `Rent:20103' on page vii undefined on input line 16.


LaTeX Warning: Citation `Rent:20103' on page vii undefined on input line 17.


LaTeX Warning: Citation `Toshiba:2010' on page vii undefined on input line 18.


LaTeX Warning: Citation `Wesz:2007' on page vii undefined on input line 20.


LaTeX Warning: Citation `SCSI:Sam' on page vii undefined on input line 21.


LaTeX Warning: Citation `SCSI:Sam' on page vii undefined on input line 22.


LaTeX Warning: Citation `ATA8:AAM' on page vii undefined on input line 23.


LaTeX Warning: Citation `SCSI:Sam' on page vii undefined on input line 26.


LaTeX Warning: Citation `SCSI:AtaPassThrough' on page vii undefined on input li
ne 27.

)
\tf@lof=\write6
\openout6 = `Monografia.lof'.

 [7] (./Monografia.lot
Package acronym Info: Label `acro:SMART' newly defined as it shall be overridde
n
although it is yet undefined on input line 5.

Underfull \hbox (badness 1082) in paragraph at lines 5--5
 [][] [][]\T1/cmr/m/n/12 Exemplos de atri-bu-tos [][][]\T1/cmr/m/it/12 Self-Mon
itoring, Analy-sis and Re-por-ting 
 []

)
\tf@lot=\write7
\openout7 = `Monografia.lot'.

 [8] (./pretexto/acronimos.tex [9

])

Package Fancyhdr Warning: \fancyhead's `E' option without twoside option is use
less on input line 187.


Package Fancyhdr Warning: \fancyhead's `E' option without twoside option is use
less on input line 187.


Package Fancyhdr Warning: \headheight is too small (12.0pt): 
 Make it at least 13.59999pt.
 We now make it that large for the rest of the document.
 This may cause the page layout to be inconsistent, however.

[10]
\openout2 = `chp1/introducao.aux'.

 (./chp1/introducao.tex
Cap\'{\i }tulo 1.
LaTeX Font Info:    Try loading font information for OT1+ptm on input line 1.
(/usr/local/texlive/2011/texmf-dist/tex/latex/psnfss/ot1ptm.fd
File: ot1ptm.fd 2001/06/04 font definitions for OT1/ptm.
)
Package acronym Info: Label `acro:RAM' newly defined as it shall be overridden
although it is yet undefined on input line 3.
Package acronym Info: Label `acro:SSD' newly defined as it shall be overridden
although it is yet undefined on input line 7.
Package acronym Info: Label `acro:ANSI' newly defined as it shall be overridden

although it is yet undefined on input line 7.
Package acronym Info: Label `acro:IDE' newly defined as it shall be overridden
although it is yet undefined on input line 7.
 [1



]
Underfull \hbox (badness 10000) detected at line 14
[]
 []


Underfull \hbox (badness 5460) in paragraph at lines 16--16
[][]\T1/cmr/m/n/10 Site \T1/cmr/m/it/10 www.baixaki.com.br\T1/cmr/m/n/10 , 175 
re-sul-ta-dos para \T1/cmr/m/it/10 Win-dows \T1/cmr/m/n/10 e 6 para Li-nux. Sit
e
 []

Package acronym Info: Label `acro:BIOS' newly defined as it shall be overridden

although it is yet undefined on input line 20.
Package acronym Info: Label `acro:CD' newly defined as it shall be overridden
although it is yet undefined on input line 20.

Package Fancyhdr Warning: \headheight is too small (12.0pt): 
 Make it at least 13.59999pt.
 We now make it that large for the rest of the document.
 This may cause the page layout to be inconsistent, however.

[2]
Package acronym Info: Label `acro:HD' newly defined as it shall be overridden
although it is yet undefined on input line 22.


LaTeX Warning: Citation `Carrier:2005file' on page 3 undefined on input line 22
.


LaTeX Warning: Citation `Tanenbaum:2001' on page 3 undefined on input line 24.


Underfull \hbox (badness 10000) detected at line 28
[]
 []


Package Fancyhdr Warning: \headheight is too small (12.0pt): 
 Make it at least 13.59999pt.
 We now make it that large for the rest of the document.
 This may cause the page layout to be inconsistent, however.

[3]
Underfull \hbox (badness 1769) in paragraph at lines 47--48
[]\T1/cmr/m/n/12 Criação de uma ver-são ini-ci-a-li-zá-vel do Li-nux con-tendo 
os al-go-rit-mos
 []


Underfull \hbox (badness 10000) detected at line 53
[]
 []


Package Fancyhdr Warning: \headheight is too small (12.0pt): 
 Make it at least 13.59999pt.
 We now make it that large for the rest of the document.
 This may cause the page layout to be inconsistent, however.

[4])

Package Fancyhdr Warning: \headheight is too small (12.0pt): 
 Make it at least 13.59999pt.
 We now make it that large for the rest of the document.
 This may cause the page layout to be inconsistent, however.

[5]
\openout2 = `chp2/hd.aux'.

 (./chp2/hd.tex
Cap\'{\i }tulo 2.

Underfull \hbox (badness 10000) detected at line 5
[]
 []

Package acronym Info: Label `acro:ROM' newly defined as it shall be overridden
although it is yet undefined on input line 8.
Package acronym Info: Label `acro:CD-ROM' newly defined as it shall be overridd
en
although it is yet undefined on input line 8.
Package acronym Info: Label `acro:DVD' newly defined as it shall be overridden
although it is yet undefined on input line 8.
Package acronym Info: Label `acro:BD' newly defined as it shall be overridden
although it is yet undefined on input line 8.
Package acronym Info: Label `acro:HD-DVD' newly defined as it shall be overridd
en
although it is yet undefined on input line 8.

Underfull \hbox (badness 2237) in paragraph at lines 8--9
[]\T1/cmr/m/n/12 Os sis-te-mas mo-der-nos de com-pu-ta-ção usam di-fe-ren-tes t
ec-no-lo-gias para
 []


LaTeX Warning: Citation `HD:hibrido' on page 6 undefined on input line 10.


LaTeX Warning: Citation `Mamun:2007' on page 6 undefined on input line 10.


Underfull \hbox (badness 1540) in paragraph at lines 10--11
[]\T1/cmr/m/n/12 Os dis-cos rí-gi-dos de-sem-pe-nham um grande pa-pel neste de-
sen-vol-vi-mento
 []

[6



] <figs/piramide.pdf, id=561, 318.43968pt x 277.035pt>
File: figs/piramide.pdf Graphic file (type pdf)

<use figs/piramide.pdf>
Package pdftex.def Info: figs/piramide.pdf used on input line 18.
(pdftex.def)             Requested size: 254.75209pt x 221.6283pt.


LaTeX Warning: Citation `Mamun:2007' on page 7 undefined on input line 19.


Underfull \hbox (badness 10000) detected at line 24
[]
 []

Package acronym Info: Label `acro:DASD' newly defined as it shall be overridden

although it is yet undefined on input line 25.

LaTeX Warning: Citation `Harker:1981' on page 7 undefined on input line 27.


Package Fancyhdr Warning: \headheight is too small (12.0pt): 
 Make it at least 13.59999pt.
 We now make it that large for the rest of the document.
 This may cause the page layout to be inconsistent, however.

[7 <./figs/piramide.pdf>]
Package acronym Info: Label `acro:IBM' newly defined as it shall be overridden
although it is yet undefined on input line 31.
Package acronym Info: Label `acro:CCROS' newly defined as it shall be overridde
n
although it is yet undefined on input line 35.


LaTeX Warning: Citation `Rent:2010' on page 8 undefined on input line 35.

Package acronym Info: Label `acro:EPROM' newly defined as it shall be overridde
n
although it is yet undefined on input line 35.
Package acronym Info: Label `acro:EEPROM' newly defined as it shall be overridd
en
although it is yet undefined on input line 35.
<figs/magnetic_disk.jpg, id=602, 264.99pt x 277.035pt>
File: figs/magnetic_disk.jpg Graphic file (type jpg)

<use figs/magnetic_disk.jpg>
Package pdftex.def Info: figs/magnetic_disk.jpg used on input line 43.
(pdftex.def)             Requested size: 142.26378pt x 148.73009pt.


LaTeX Warning: Citation `IBM:MagneticDisk' on page 8 undefined on input line 43
.


LaTeX Warning: Citation `IBM:MagneticDisk' on page 8 undefined on input line 43
.

<figs/ccros.jpg, id=603, 194.97844pt x 187.45032pt>
File: figs/ccros.jpg Graphic file (type jpg)
 <use figs/ccros.jpg>
Package pdftex.def Info: figs/ccros.jpg used on input line 47.
(pdftex.def)             Requested size: 142.26378pt x 136.77466pt.


LaTeX Warning: Citation `Richards:1965' on page 8 undefined on input line 47.


LaTeX Warning: Citation `Richards:1965' on page 8 undefined on input line 47.

<figs/ferritecore_small.png, id=604, 283.81032pt x 277.035pt>
File: figs/ferritecore_small.png Graphic file (type png)

<use figs/ferritecore_small.png>
Package pdftex.def Info: figs/ferritecore_small.png used on input line 50.
(pdftex.def)             Requested size: 142.26378pt x 138.87224pt.


LaTeX Warning: Citation `Rent:2010' on page 8 undefined on input line 50.


LaTeX Warning: Citation `Rent:2010' on page 8 undefined on input line 50.


Underfull \hbox (badness 10000) in paragraph at lines 50--50
[]\T1/cmr/m/n/10 (c) Ma-triz de Nú-cleos de
 []

Package acronym Info: Label `acro:RAMAC' newly defined as it shall be overridde
n
although it is yet undefined on input line 58.

LaTeX Warning: Citation `Stevens:1981' on page 8 undefined on input line 58.


LaTeX Warning: Citation `Harker:1981' on page 8 undefined on input line 58.


Package Fancyhdr Warning: \headheight is too small (12.0pt): 
 Make it at least 13.59999pt.
 We now make it that large for the rest of the document.
 This may cause the page layout to be inconsistent, however.

[8]
Package acronym Info: Label `acro:ABS' newly defined as it shall be overridden
although it is yet undefined on input line 60.


LaTeX Warning: Citation `Strom:2007' on page 9 undefined on input line 60.

<figs/ibm350.jpg, id=633, 301.125pt x 346.29375pt>
File: figs/ibm350.jpg Graphic file (type jpg)
 <use figs/ibm350.jpg>
Package pdftex.def Info: figs/ibm350.jpg used on input line 70.
(pdftex.def)             Requested size: 150.56212pt x 173.14644pt.


LaTeX Warning: Citation `Morimoto:2007' on page 9 undefined on input line 71.


Package Fancyhdr Warning: \headheight is too small (12.0pt): 
 Make it at least 13.59999pt.
 We now make it that large for the rest of the document.
 This may cause the page layout to be inconsistent, however.

[9 <./figs/magnetic_disk.jpg> <./figs/ccros.jpg> <./figs/ferritecore_small.png>
]
Package acronym Info: Label `acro:VCM' newly defined as it shall be overridden
although it is yet undefined on input line 82.


Package Fancyhdr Warning: \headheight is too small (12.0pt): 
 Make it at least 13.59999pt.
 We now make it that large for the rest of the document.
 This may cause the page layout to be inconsistent, however.

[10 <./figs/ibm350.jpg>]
Package acronym Info: Label `acro:ISA' newly defined as it shall be overridden
although it is yet undefined on input line 86.


LaTeX Warning: Citation `Morimoto:2007' on page 11 undefined on input line 86.


LaTeX Warning: Citation `Masuoka:1984' on page 11 undefined on input line 92.


LaTeX Warning: Citation `Bez:2003' on page 11 undefined on input line 94.


LaTeX Warning: Citation `Kunnet:1988' on page 11 undefined on input line 94.


LaTeX Warning: Citation `Bez:2003' on page 11 undefined on input line 96.


Package Fancyhdr Warning: \headheight is too small (12.0pt): 
 Make it at least 13.59999pt.
 We now make it that large for the rest of the document.
 This may cause the page layout to be inconsistent, however.

[11]
Underfull \hbox (badness 10000) detected at line 100
[]
 []


LaTeX Warning: Citation `Mamun:2007' on page 12 undefined on input line 104.


Underfull \hbox (badness 4872) in paragraph at lines 104--105
[]\T1/cmr/m/n/12 Os dis-cos rí-gi-dos fo-ram pro-je-ta-dos para se-rem ins-ta-l
a-dos den-tro de
 []

<figs/form_factors.jpg, id=674, 803.0pt x 602.25pt>
File: figs/form_factors.jpg Graphic file (type jpg)

<use figs/form_factors.jpg>
Package pdftex.def Info: figs/form_factors.jpg used on input line 113.
(pdftex.def)             Requested size: 361.34666pt x 271.01pt.


LaTeX Warning: Citation `Potts:2008' on page 12 undefined on input line 114.


Underfull \hbox (badness 1199) in paragraph at lines 118--120
\T1/cmr/m/n/12 in-ter-li-gam pas-sa-ram por mui-tas mu-dan-ças. Atu-al-mente ex
is-tem dois ti-pos
 []

Package acronym Info: Label `acro:EIDE' newly defined as it shall be overridden

although it is yet undefined on input line 122.
Package acronym Info: Label `acro:ATAPI' newly defined as it shall be overridde
n
although it is yet undefined on input line 122.

Package Fancyhdr Warning: \headheight is too small (12.0pt): 
 Make it at least 13.59999pt.
 We now make it that large for the rest of the document.
 This may cause the page layout to be inconsistent, however.

[12]

LaTeX Warning: Citation `Mason:2000' on page 13 undefined on input line 128.

Package acronym Info: Label `acro:SATA' newly defined as it shall be overridden

although it is yet undefined on input line 130.
Package acronym Info: Label `acro:SAS' newly defined as it shall be overridden
although it is yet undefined on input line 130.
Package acronym Info: Label `acro:PATA' newly defined as it shall be overridden

although it is yet undefined on input line 130.
Package acronym Info: Label `acro:SPI' newly defined as it shall be overridden
although it is yet undefined on input line 130.

Package Fancyhdr Warning: \headheight is too small (12.0pt): 
 Make it at least 13.59999pt.
 We now make it that large for the rest of the document.
 This may cause the page layout to be inconsistent, however.

[13 <./figs/form_factors.jpg>]
Underfull \hbox (badness 10000) detected at line 132
[]
 []


LaTeX Warning: Citation `Morimoto:2007' on page 14 undefined on input line 136.


Package acronym Info: Label `acro:PCB' newly defined as it shall be overridden
although it is yet undefined on input line 142.

LaTeX Warning: Citation `Carrier:2005file' on page 14 undefined on input line 1
42.

<figs/componenteshdd.png, id=743, 350.81062pt x 356.0803pt>
File: figs/componenteshdd.png Graphic file (type png)

<use figs/componenteshdd.png>
Package pdftex.def Info: figs/componenteshdd.png used on input line 150.
(pdftex.def)             Requested size: 280.64886pt x 284.86462pt.


LaTeX Warning: Citation `Mamun:2007' on page 14 undefined on input line 151.


LaTeX Warning: Citation `Strom:2007' on page 14 undefined on input line 155.


LaTeX Warning: Citation `Strom:2007' on page 14 undefined on input line 155.


Package Fancyhdr Warning: \headheight is too small (12.0pt): 
 Make it at least 13.59999pt.
 We now make it that large for the rest of the document.
 This may cause the page layout to be inconsistent, however.

[14]

LaTeX Warning: Citation `Zhao:2007' on page 15 undefined on input line 157.

<figs/discos_cabecas_braco.png, id=763, 338.01282pt x 136.25906pt>
File: figs/discos_cabecas_braco.png Graphic file (type png)

<use figs/discos_cabecas_braco.png>
Package pdftex.def Info: figs/discos_cabecas_braco.png used on input line 163.
(pdftex.def)             Requested size: 227.62204pt x 91.7609pt.


LaTeX Warning: Citation `Vasconcelos:2002' on page 15 undefined on input line 1
63.


LaTeX Warning: Citation `Vasconcelos:2002' on page 15 undefined on input line 1
63.

<figs/trilhas_setores.png, id=766, 240.9pt x 207.77625pt>
File: figs/trilhas_setores.png Graphic file (type png)

<use figs/trilhas_setores.png>
Package pdftex.def Info: figs/trilhas_setores.png used on input line 165.
(pdftex.def)             Requested size: 142.26378pt x 122.70421pt.


LaTeX Warning: Citation `Vasconcelos:2002' on page 15 undefined on input line 1
65.


LaTeX Warning: Citation `Vasconcelos:2002' on page 15 undefined on input line 1
65.


Underfull \hbox (badness 10000) detected at line 170
[]
 []


Underfull \hbox (badness 1377) in paragraph at lines 171--172
[]\T1/cmr/m/n/12 Os Solid-State Dri-ves ([][]) po-dem ser de-fi-ni-dos como dis
-po-si-ti-vos que
 []


Package Fancyhdr Warning: \headheight is too small (12.0pt): 
 Make it at least 13.59999pt.
 We now make it that large for the rest of the document.
 This may cause the page layout to be inconsistent, however.

[15 <./figs/componenteshdd.png>]
<figs/ssd.png, id=777, 200.24812pt x 244.66406pt>
File: figs/ssd.png Graphic file (type png)
 <use figs/ssd.png>
Package pdftex.def Info: figs/ssd.png used on input line 175.
(pdftex.def)             Requested size: 170.71652pt x 208.5926pt.


LaTeX Warning: Citation `Happy:ssd' on page 16 undefined on input line 176.

Package acronym Info: Label `acro:DRAM' newly defined as it shall be overridden

although it is yet undefined on input line 180.

LaTeX Warning: Citation `Rent:20102' on page 16 undefined on input line 180.

<figs/ssd_controller.png, id=783, 351.3125pt x 270.00874pt>
File: figs/ssd_controller.png Graphic file (type png)

<use figs/ssd_controller.png>
Package pdftex.def Info: figs/ssd_controller.png used on input line 184.
(pdftex.def)             Requested size: 227.62204pt x 174.94739pt.


LaTeX Warning: Citation `Rent:20103' on page 16 undefined on input line 185.


LaTeX Warning: Citation `Intel:2010' on page 16 undefined on input line 189.


Package Fancyhdr Warning: \headheight is too small (12.0pt): 
 Make it at least 13.59999pt.
 We now make it that large for the rest of the document.
 This may cause the page layout to be inconsistent, however.

[16 <./figs/discos_cabecas_braco.png> <./figs/trilhas_setores.png> <./figs/ssd.
png>] <figs/ssd_controller_elements.png, id=794, 96.36pt x 96.36pt>
File: figs/ssd_controller_elements.png Graphic file (type png)

<use figs/ssd_controller_elements.png>
Package pdftex.def Info: figs/ssd_controller_elements.png used on input line 19
3.
(pdftex.def)             Requested size: 227.62204pt x 227.62224pt.


LaTeX Warning: Citation `Rent:20103' on page 17 undefined on input line 194.


Package Fancyhdr Warning: \headheight is too small (12.0pt): 
 Make it at least 13.59999pt.
 We now make it that large for the rest of the document.
 This may cause the page layout to be inconsistent, however.

[17 <./figs/ssd_controller.png> <./figs/ssd_controller_elements.png>]
Underfull \hbox (badness 10000) detected at line 201
[]
 []

Package acronym Info: Label `acro:LBA' newly defined as it shall be overridden
although it is yet undefined on input line 203.
Package acronym Info: Label `acro:CHS' newly defined as it shall be overridden
although it is yet undefined on input line 203.
Package acronym Info: Label `acro:MLC' newly defined as it shall be overridden
although it is yet undefined on input line 208.
Package acronym Info: Label `acro:SLC' newly defined as it shall be overridden
although it is yet undefined on input line 208.

LaTeX Warning: Citation `Morimoto:2010' on page 18 undefined on input line 208.




pdfTeX warning: /usr/texbin/pdflatex (file ./figs/benchmark.pdf): PDF inclusion
: found PDF version <1.6>, but at most version <1.5> allowed
<figs/benchmark.pdf, id=819, 271.0125pt x 207.77625pt>
File: figs/benchmark.pdf Graphic file (type pdf)

<use figs/benchmark.pdf>
Package pdftex.def Info: figs/benchmark.pdf used on input line 212.
(pdftex.def)             Requested size: 312.9803pt x 239.96169pt.


LaTeX Warning: Citation `Toshiba:2010' on page 18 undefined on input line 213.


LaTeX Warning: Citation `Parrish:2011' on page 18 undefined on input line 219.


LaTeX Warning: Citation `SHimpo' on page 18 undefined on input line 219.


Package Fancyhdr Warning: \headheight is too small (12.0pt): 
 Make it at least 13.59999pt.
 We now make it that large for the rest of the document.
 This may cause the page layout to be inconsistent, however.

[18]
Underfull \hbox (badness 10000) detected at line 222
[]
 []

)

Package Fancyhdr Warning: \headheight is too small (12.0pt): 
 Make it at least 13.59999pt.
 We now make it that large for the rest of the document.
 This may cause the page layout to be inconsistent, however.

[19 <./figs/benchmark.pdf>]
\openout2 = `chp3/ferramentas.aux'.

 (./chp3/ferramentas.tex
Cap\'{\i }tulo 3.

Underfull \hbox (badness 10000) detected at line 5
[]
 []


LaTeX Warning: Citation `lee1990fault' on page 20 undefined on input line 11.

<figs/falha_erro_defeito.jpg, id=913, 483.30562pt x 186.6975pt>
File: figs/falha_erro_defeito.jpg Graphic file (type jpg)

<use figs/falha_erro_defeito.jpg>
Package pdftex.def Info: figs/falha_erro_defeito.jpg used on input line 18.
(pdftex.def)             Requested size: 284.52756pt x 109.91411pt.


LaTeX Warning: Citation `Wesz:2007' on page 20 undefined on input line 19.

[20



]

LaTeX Warning: Citation `Isermann:2011' on page 21 undefined on input line 27.


Underfull \hbox (badness 1817) in paragraph at lines 31--32
[]\T1/cmr/m/n/12 São re-sul-tado da aná-lise de um ope-ra-dor hu-mano.
 []


Underfull \hbox (badness 4779) in paragraph at lines 32--33
[]\T1/cmr/m/n/12 Este his-tó-rico in-clui infor-
 []


Package Fancyhdr Warning: \headheight is too small (12.0pt): 
 Make it at least 13.59999pt.
 We now make it that large for the rest of the document.
 This may cause the page layout to be inconsistent, however.

[21 <./figs/falha_erro_defeito.jpg>]

LaTeX Warning: Citation `Kari:1997' on page 22 undefined on input line 39.

Package acronym Info: Label `acro:CRC' newly defined as it shall be overridden
although it is yet undefined on input line 41.

LaTeX Warning: Citation `Sector:2001' on page 22 undefined on input line 41.


LaTeX Warning: Citation `Kari:1997' on page 22 undefined on input line 43.


LaTeX Warning: Citation `Morimoto:20102' on page 22 undefined on input line 45.



Package Fancyhdr Warning: \headheight is too small (12.0pt): 
 Make it at least 13.59999pt.
 We now make it that large for the rest of the document.
 This may cause the page layout to be inconsistent, however.

[22]
Underfull \hbox (badness 1048) in paragraph at lines 47--48
\T1/cmr/m/n/12 usada pe-los sis-tema ope-ra-ci-o-nal. Por exem-plo, cada 1GB de
 me-mó-ria na
 []


LaTeX Warning: Citation `Bez:2003' on page 23 undefined on input line 51.


LaTeX Warning: Citation `Zhao:2007' on page 23 undefined on input line 53.


Package Fancyhdr Warning: \headheight is too small (12.0pt): 
 Make it at least 13.59999pt.
 We now make it that large for the rest of the document.
 This may cause the page layout to be inconsistent, however.

[23]

LaTeX Warning: Citation `Kari:1997' on page 24 undefined on input line 57.


Underfull \hbox (badness 10000) detected at line 60
[]
 []


Underfull \hbox (badness 1168) in paragraph at lines 73--73
[]|\T1/cmr/m/n/12 Frequência de er-ros du-rante a
 []


Underfull \hbox (badness 10000) in paragraph at lines 74--74
[]|\T1/cmr/m/n/12 Desempenho (\T1/cmr/m/it/12 Th-rough-put
 []


Underfull \hbox (badness 1902) in paragraph at lines 76--76
[]|\T1/cmr/m/n/12 Desempenho das ope-ra-ções de
 []


Underfull \hbox (badness 4608) in paragraph at lines 76--76
\T1/cmr/m/n/12 in-di-car pro-ble-mas no sis-tema
 []


Underfull \hbox (badness 10000) in paragraph at lines 79--79
[]|\T1/cmr/m/n/12 Contagem atual de se-to-res
 []


Underfull \hbox (badness 10000) in paragraph at lines 79--79
\T1/cmr/m/n/12 pen-den-tes (\T1/cmr/m/it/12 Cur-rent Pen-ding
 []


Underfull \hbox (badness 4193) in paragraph at lines 79--79
[]|\T1/cmr/m/n/12 Número de se-to-res es-pe-rando
 []


Overfull \hbox (19.24666pt too wide) in paragraph at lines 69--81
 [] 
 []


LaTeX Warning: Citation `Hughes:2002' on page 24 undefined on input line 85.


LaTeX Warning: Citation `Hughes:2002' on page 24 undefined on input line 87.


LaTeX Warning: Citation `ATA8:ACS' on page 24 undefined on input line 87.


LaTeX Warning: Citation `Self' on page 24 undefined on input line 87.


Package Fancyhdr Warning: \headheight is too small (12.0pt): 
 Make it at least 13.59999pt.
 We now make it that large for the rest of the document.
 This may cause the page layout to be inconsistent, however.

[24]
Underfull \hbox (badness 2205) in paragraph at lines 90--91
[]\T1/cmr/m/n/12 Segue o mesmo prin-cí-pio do [][] \T1/cmr/m/it/12 Short
 []


Package Fancyhdr Warning: \headheight is too small (12.0pt): 
 Make it at least 13.59999pt.
 We now make it that large for the rest of the document.
 This may cause the page layout to be inconsistent, however.

[25]
Underfull \hbox (badness 10000) detected at line 95
[]
 []


LaTeX Warning: Citation `ATA8:AAM' on page 26 undefined on input line 97.


LaTeX Warning: Citation `SCSI:Sam' on page 26 undefined on input line 97.


LaTeX Warning: Citation `Zielski:2007' on page 26 undefined on input line 101.



pdfTeX warning: /usr/texbin/pdflatex (file ./figs/scsiLayer.pdf): PDF inclusion
: found PDF version <1.6>, but at most version <1.5> allowed
<figs/scsiLayer.pdf, id=985, 449.3889pt x 249.66273pt>
File: figs/scsiLayer.pdf Graphic file (type pdf)

<use figs/scsiLayer.pdf>
Package pdftex.def Info: figs/scsiLayer.pdf used on input line 109.
(pdftex.def)             Requested size: 398.33858pt x 221.30388pt.


LaTeX Warning: Citation `SCSI:Sam' on page 26 undefined on input line 110.


LaTeX Warning: Citation `t10' on page 26 undefined on input line 115.


Package Fancyhdr Warning: \headheight is too small (12.0pt): 
 Make it at least 13.59999pt.
 We now make it that large for the rest of the document.
 This may cause the page layout to be inconsistent, however.

[26]
Package acronym Info: Label `acro:iSCSI' newly defined as it shall be overridde
n
although it is yet undefined on input line 117.
Package acronym Info: Label `acro:USB' newly defined as it shall be overridden
although it is yet undefined on input line 117.
 <figs/scsi.png, id=998, 484.81125pt x 240.14719pt>
File: figs/scsi.png Graphic file (type png)
 <use figs/scsi.png>
Package pdftex.def Info: figs/scsi.png used on input line 120.
(pdftex.def)             Requested size: 398.33858pt x 197.32503pt.


LaTeX Warning: Citation `SCSI:Sam' on page 27 undefined on input line 121.


Package Fancyhdr Warning: \headheight is too small (12.0pt): 
 Make it at least 13.59999pt.
 We now make it that large for the rest of the document.
 This may cause the page layout to be inconsistent, however.

[27 <./figs/scsiLayer.pdf>]

pdfTeX warning: /usr/texbin/pdflatex (file ./figs/ataLayer.pdf): PDF inclusion:
 found PDF version <1.6>, but at most version <1.5> allowed
<figs/ataLayer.pdf, id=1026, 420.48091pt x 206.30074pt>
File: figs/ataLayer.pdf Graphic file (type pdf)

<use figs/ataLayer.pdf>
Package pdftex.def Info: figs/ataLayer.pdf used on input line 134.
(pdftex.def)             Requested size: 398.33858pt x 195.43999pt.


LaTeX Warning: Citation `ATA8:AAM' on page 28 undefined on input line 135.


LaTeX Warning: Citation `ATA8:AAM' on page 28 undefined on input line 138.

<figs/ata.png, id=1033, 560.8453pt x 316.93407pt>
File: figs/ata.png Graphic file (type png)
 <use figs/ata.png>
Package pdftex.def Info: figs/ata.png used on input line 143.
(pdftex.def)             Requested size: 398.33858pt x 225.09729pt.


Package Fancyhdr Warning: \headheight is too small (12.0pt): 
 Make it at least 13.59999pt.
 We now make it that large for the rest of the document.
 This may cause the page layout to be inconsistent, however.

[28 <./figs/scsi.png>]
Underfull \hbox (badness 10000) detected at line 148
[]
 []

)

Package Fancyhdr Warning: \headheight is too small (12.0pt): 
 Make it at least 13.59999pt.
 We now make it that large for the rest of the document.
 This may cause the page layout to be inconsistent, however.

[29 <./figs/ataLayer.pdf> <./figs/ata.png>]
\openout2 = `chp4/metodologia.aux'.

 (./chp4/metodologia.tex
Cap\'{\i }tulo 4.

Underfull \hbox (badness 10000) detected at line 7
[]
 []

Package acronym Info: Label `acro:LESC' newly defined as it shall be overridden

although it is yet undefined on input line 9.
Package acronym Info: Label `acro:UFC' newly defined as it shall be overridden
although it is yet undefined on input line 9.

Underfull \hbox (badness 1275) in paragraph at lines 9--10
[]\T1/cmr/m/n/12 No de-sen-vol-vi-mento deste tra-ba-lho, fo-ram uti-li-za-dos 
di-ver-sos []s[], para
 []

[30



]
Underfull \hbox (badness 4144) in paragraph at lines 20--21
\T1/cmr/m/n/12 de-tec-ta-das por ou-tros \T1/cmr/m/it/12 softwa-res\T1/cmr/m/n/
12 , no caso Le-novo \T1/cmr/m/it/12 Think-Van-tage To-ol-Box\T1/cmr/m/n/12 ,
 []


Underfull \hbox (badness 10000) detected at line 24
[]
 []


Package Fancyhdr Warning: \headheight is too small (12.0pt): 
 Make it at least 13.59999pt.
 We now make it that large for the rest of the document.
 This may cause the page layout to be inconsistent, however.

[31]

LaTeX Warning: Citation `Tanenbaum:2001' on page 32 undefined on input line 35.



LaTeX Warning: Citation `Final' on page 32 undefined on input line 37.


LaTeX Warning: Citation `SCSI:programming' on page 32 undefined on input line 3
7.

LaTeX Font Info:    Try loading font information for T1+cmss on input line 40.
(/usr/local/texlive/2011/texmf-dist/tex/latex/base/t1cmss.fd
File: t1cmss.fd 1999/05/25 v2.5h Standard LaTeX font definitions
)

Package Fancyhdr Warning: \headheight is too small (12.0pt): 
 Make it at least 13.59999pt.
 We now make it that large for the rest of the document.
 This may cause the page layout to be inconsistent, however.

[32]

LaTeX Warning: Citation `Final' on page 33 undefined on input line 52.


LaTeX Warning: Citation `Tao:2009' on page 33 undefined on input line 52.



pdfTeX warning: /usr/texbin/pdflatex (file ./figs/scsiCdb.pdf): PDF inclusion: 
found PDF version <1.6>, but at most version <1.5> allowed
<figs/scsiCdb.pdf, id=1096, 511.14964pt x 230.61156pt>
File: figs/scsiCdb.pdf Graphic file (type pdf)
 <use figs/scsiCdb.pdf>
Package pdftex.def Info: figs/scsiCdb.pdf used on input line 62.
(pdftex.def)             Requested size: 398.33858pt x 179.72145pt.


LaTeX Warning: Citation `SCSI:Sam' on page 33 undefined on input line 64.


LaTeX Warning: Citation `SCSI:toolbox' on page 33 undefined on input line 68.


LaTeX Warning: Citation `Bart:2010' on page 33 undefined on input line 68.


LaTeX Warning: Citation `SCSI:ATAtranslation' on page 33 undefined on input lin
e 68.


LaTeX Warning: Citation `SCSI:AtaPassThrough' on page 33 undefined on input lin
e 68.


Package Fancyhdr Warning: \headheight is too small (12.0pt): 
 Make it at least 13.59999pt.
 We now make it that large for the rest of the document.
 This may cause the page layout to be inconsistent, however.

[33 <./figs/scsiCdb.pdf>]
Underfull \hbox (badness 1308) in paragraph at lines 70--71
\T1/cmr/m/n/12 Fi-gura []4.2[] a es-tru-tura do co-mando é apre-sen-tada. Di-ve
r-sos tes-tes fo-ram
 []


Underfull \hbox (badness 1303) in paragraph at lines 70--71
\T1/cmr/m/n/12 re-a-li-za-dos em di-fe-ren-tes dis-cos rí-gi-dos e verificou-se
 que ape-nas quando os
 []



pdfTeX warning: /usr/texbin/pdflatex (file ./figs/atapassthrough.pdf): PDF incl
usion: found PDF version <1.6>, but at most version <1.5> allowed
<figs/atapassthrough.pdf, id=1122, 555.82657pt x 353.47055pt>
File: figs/atapassthrough.pdf Graphic file (type pdf)

<use figs/atapassthrough.pdf>
Package pdftex.def Info: figs/atapassthrough.pdf used on input line 74.
(pdftex.def)             Requested size: 398.33858pt x 253.3228pt.


LaTeX Warning: Citation `SCSI:AtaPassThrough' on page 34 undefined on input lin
e 76.


Underfull \hbox (badness 1210) in paragraph at lines 83--84
\T1/cmr/m/n/12 ser com-pa-tí-vel e tão efi-ci-ente e por-tá-vel quanto a lin-gu
a-gem C e su-porta
 []


Package Fancyhdr Warning: \headheight is too small (12.0pt): 
 Make it at least 13.59999pt.
 We now make it that large for the rest of the document.
 This may cause the page layout to be inconsistent, however.

[34]
Underfull \hbox (badness 1668) in paragraph at lines 89--90
\T1/cmr/m/n/12 e \T1/cmr/m/it/12 SmartCmd\T1/cmr/m/n/12 , es-tes co-man-dos são
 [][]. As clas-ses li-ga-das à \T1/cmr/m/it/12 SmartCmd
 []


Package Fancyhdr Warning: \headheight is too small (12.0pt): 
 Make it at least 13.59999pt.
 We now make it that large for the rest of the document.
 This may cause the page layout to be inconsistent, however.

[35 <./figs/atapassthrough.pdf>]
<figs/framework.pdf, id=1153, 416.83328pt x 429.4946pt>
File: figs/framework.pdf Graphic file (type pdf)

<use figs/framework.pdf>
Package pdftex.def Info: figs/framework.pdf used on input line 93.
(pdftex.def)             Requested size: 398.33858pt x 410.45546pt.

Underfull \hbox (badness 10000) in paragraph at lines 109--109
[]|\T1/cmr/m/n/12 Este co-mando per-mite o en-vio
 []


Underfull \hbox (badness 10000) in paragraph at lines 109--109
\T1/cmr/m/n/12 en-cap-su-lado de co-man-dos [][]
 []


Underfull \hbox (badness 10000) in paragraph at lines 114--114
[]|\T1/cmr/m/n/12 Permite a lei-tura de um se-tor
 []


Underfull \hbox (badness 10000) in paragraph at lines 117--117
[]|\T1/cmr/m/n/12 Envia a re-qui-si-ção para que a
 []


Underfull \hbox (badness 10000) in paragraph at lines 117--117
\T1/cmr/m/n/12 con-tro-la-dora re-ma-pei os se-to-res
 []


Underfull \hbox (badness 10000) in paragraph at lines 118--118
[]|\T1/cmr/m/sc/12 Receive Di-ag-nos-tic
 []


Underfull \hbox (badness 2012) in paragraph at lines 121--121
[]|\T1/cmr/m/n/12 Realiza a ve-ri-fi-ca-ção de um se-tor,
 []


Underfull \hbox (badness 1221) in paragraph at lines 121--121
\T1/cmr/m/n/12 com-para o con-teúdo do se-tor e os
 []


Package Fancyhdr Warning: \headheight is too small (12.0pt): 
 Make it at least 13.59999pt.
 We now make it that large for the rest of the document.
 This may cause the page layout to be inconsistent, however.

[36 <./figs/framework.pdf>]
Underfull \hbox (badness 2941) in paragraph at lines 139--139
[]|\T1/cmr/m/sc/12 Read Ve-rify Sec-tors
 []


Underfull \hbox (badness 10000) in paragraph at lines 140--141
[]|\T1/cmr/m/n/12 Este co-mando im-ple-menta di-fe-ren-tes
 []


Underfull \hbox (badness 3428) in paragraph at lines 140--141
[][]\T1/cmr/m/n/12 , que fo-ram im-ple-men-ta-das em
 []


Underfull \hbox (badness 10000) in paragraph at lines 144--145
[]\T1/cmr/m/sc/12 Execute off-line im-me-di-ate
 []


Underfull \hbox (badness 10000) in paragraph at lines 144--145
\T1/cmr/m/n/12 os auto-testes [][], que são
 []


Overfull \hbox (19.3147pt too wide) in paragraph at lines 132--154
 [] 
 []


LaTeX Warning: Citation `adams2003high' on page 37 undefined on input line 162.



Underfull \hbox (badness 2126) in paragraph at lines 169--170
[][][] \T1/cmr/m/it/12 Short Self-Test \T1/cmr/m/n/12 exe-cuta o co-mando [][] 
\T1/cmr/m/it/12 Exe-cute off-line
 []


Package Fancyhdr Warning: \headheight is too small (12.0pt): 
 Make it at least 13.59999pt.
 We now make it that large for the rest of the document.
 This may cause the page layout to be inconsistent, however.

[37]

Package Fancyhdr Warning: \headheight is too small (12.0pt): 
 Make it at least 13.59999pt.
 We now make it that large for the rest of the document.
 This may cause the page layout to be inconsistent, however.

[38]

Package Fancyhdr Warning: \headheight is too small (12.0pt): 
 Make it at least 13.59999pt.
 We now make it that large for the rest of the document.
 This may cause the page layout to be inconsistent, however.

[39]

Package Fancyhdr Warning: \headheight is too small (12.0pt): 
 Make it at least 13.59999pt.
 We now make it that large for the rest of the document.
 This may cause the page layout to be inconsistent, however.

[40]

LaTeX Warning: Citation `PCdoc' on page 41 undefined on input line 193.

<figs/linearseek.pdf, id=1220, 168.63pt x 453.94594pt>
File: figs/linearseek.pdf Graphic file (type pdf)

<use figs/linearseek.pdf>
Package pdftex.def Info: figs/linearseek.pdf used on input line 199.
(pdftex.def)             Requested size: 142.26378pt x 382.97438pt.

<figs/funnelseek.pdf, id=1221, 268.00125pt x 453.94594pt>
File: figs/funnelseek.pdf Graphic file (type pdf)

<use figs/funnelseek.pdf>
Package pdftex.def Info: figs/funnelseek.pdf used on input line 201.
(pdftex.def)             Requested size: 227.62204pt x 385.55109pt.

<figs/randomseek.pdf, id=1222, 168.63pt x 381.67593pt>
File: figs/randomseek.pdf Graphic file (type pdf)

<use figs/randomseek.pdf>
Package pdftex.def Info: figs/randomseek.pdf used on input line 208.
(pdftex.def)             Requested size: 142.26378pt x 322.00333pt.

<figs/surfacescan.pdf, id=1223, 177.66376pt x 490.08093pt>
File: figs/surfacescan.pdf Graphic file (type pdf)

<use figs/surfacescan.pdf>
Package pdftex.def Info: figs/surfacescan.pdf used on input line 210.
(pdftex.def)             Requested size: 142.26378pt x 392.43918pt.

<figs/targetedread.pdf, id=1224, 268.00125pt x 417.81094pt>
File: figs/targetedread.pdf Graphic file (type pdf)

<use figs/targetedread.pdf>
Package pdftex.def Info: figs/targetedread.pdf used on input line 217.
(pdftex.def)             Requested size: 284.52756pt x 443.57239pt.


LaTeX Warning: Citation `squash' on page 41 undefined on input line 226.


LaTeX Warning: Citation `boot:ram' on page 41 undefined on input line 228.


Package Fancyhdr Warning: \headheight is too small (12.0pt): 
 Make it at least 13.59999pt.
 We now make it that large for the rest of the document.
 This may cause the page layout to be inconsistent, however.

[41]
Underfull \hbox (badness 10000) detected at line 232
[]
 []

)

Package Fancyhdr Warning: \headheight is too small (12.0pt): 
 Make it at least 13.59999pt.
 We now make it that large for the rest of the document.
 This may cause the page layout to be inconsistent, however.

[42 <./figs/linearseek.pdf> <./figs/funnelseek.pdf>]

Package Fancyhdr Warning: \headheight is too small (12.0pt): 
 Make it at least 13.59999pt.
 We now make it that large for the rest of the document.
 This may cause the page layout to be inconsistent, however.

[43 <./figs/randomseek.pdf> <./figs/surfacescan.pdf>]

Package Fancyhdr Warning: \headheight is too small (12.0pt): 
 Make it at least 13.59999pt.
 We now make it that large for the rest of the document.
 This may cause the page layout to be inconsistent, however.

[44 <./figs/targetedread.pdf>]
\openout2 = `chp5/resultados.aux'.

 (./chp5/resultados.tex
Cap\'{\i }tulo 5.

Underfull \hbox (badness 10000) detected at line 5
[]
 []

<figs/tela.png, id=1378, 695.59875pt x 554.07pt>
File: figs/tela.png Graphic file (type png)
 <use figs/tela.png>
Package pdftex.def Info: figs/tela.png used on input line 12.
(pdftex.def)             Requested size: 347.79852pt x 277.03432pt.

<figs/help.png, id=1380, 694.595pt x 502.87875pt>
File: figs/help.png Graphic file (type png)
 <use figs/help.png>
Package pdftex.def Info: figs/help.png used on input line 21.
(pdftex.def)             Requested size: 347.29665pt x 251.43875pt.

<figs/percent.png, id=1382, 693.59125pt x 272.01625pt>
File: figs/percent.png Graphic file (type png)
 <use figs/percent.png>
Package pdftex.def Info: figs/percent.png used on input line 29.
(pdftex.def)             Requested size: 346.79477pt x 136.00778pt.

[45



] <figs/final.png, id=1388, 695.59875pt x 357.335pt>
File: figs/final.png Graphic file (type png)
 <use figs/final.png>
Package pdftex.def Info: figs/final.png used on input line 37.
(pdftex.def)             Requested size: 347.79852pt x 178.66705pt.


Package Fancyhdr Warning: \headheight is too small (12.0pt): 
 Make it at least 13.59999pt.
 We now make it that large for the rest of the document.
 This may cause the page layout to be inconsistent, however.

[46 <./figs/tela.png> <./figs/help.png>]
Underfull \hbox (badness 10000) detected at line 42
[]
 []


Package Fancyhdr Warning: \headheight is too small (12.0pt): 
 Make it at least 13.59999pt.
 We now make it that large for the rest of the document.
 This may cause the page layout to be inconsistent, however.

[47 <./figs/percent.png> <./figs/final.png>]
Underfull \hbox (badness 10000) in paragraph at lines 86--86
[]|\T1/cmr/m/n/12 Western Di-gi-tal
 []


Overfull \hbox (19.52238pt too wide) in paragraph at lines 81--98
 [] 
 []

Package acronym Info: Label `acro:MBR' newly defined as it shall be overridden
although it is yet undefined on input line 108.

Package Fancyhdr Warning: \headheight is too small (12.0pt): 
 Make it at least 13.59999pt.
 We now make it that large for the rest of the document.
 This may cause the page layout to be inconsistent, however.

[48]

Package Fancyhdr Warning: \headheight is too small (12.0pt): 
 Make it at least 13.59999pt.
 We now make it that large for the rest of the document.
 This may cause the page layout to be inconsistent, however.

[49]

Package Fancyhdr Warning: \headheight is too small (12.0pt): 
 Make it at least 13.59999pt.
 We now make it that large for the rest of the document.
 This may cause the page layout to be inconsistent, however.

[50]
Underfull \hbox (badness 10000) detected at line 154
[]
 []

<figs/tempo_medio.png, id=1425, 458.46281pt x 263.48438pt>
File: figs/tempo_medio.png Graphic file (type png)

<use figs/tempo_medio.png>
Package pdftex.def Info: figs/tempo_medio.png used on input line 186.
(pdftex.def)             Requested size: 366.77074pt x 210.78777pt.


Package Fancyhdr Warning: \headheight is too small (12.0pt): 
 Make it at least 13.59999pt.
 We now make it that large for the rest of the document.
 This may cause the page layout to be inconsistent, however.

[51]
Underfull \hbox (badness 1365) in paragraph at lines 194--194
[]|[][]\T1/cmr/m/n/10.95 Comparação dos Re-sul-ta-dos ob-ti-dos com a se-le-ção
 de al-go-rit-mos e o
 []


Package Fancyhdr Warning: \headheight is too small (12.0pt): 
 Make it at least 13.59999pt.
 We now make it that large for the rest of the document.
 This may cause the page layout to be inconsistent, however.

[52]
Underfull \hbox (badness 10000) detected at line 214
[]
 []

)

Package Fancyhdr Warning: \headheight is too small (12.0pt): 
 Make it at least 13.59999pt.
 We now make it that large for the rest of the document.
 This may cause the page layout to be inconsistent, however.

[53 <./figs/tempo_medio.png>]
\openout2 = `chp6/conclusoes.aux'.

 (./chp6/conclusoes.tex
Cap\'{\i }tulo 6.

Underfull \hbox (badness 4899) in paragraph at lines 3--4
[]\T1/cmr/m/n/12 Neste tra-ba-lho foi de-sen-vol-vido um \T1/cmr/m/it/12 fra-me
work \T1/cmr/m/n/12 para dar su-porte ao
 []


Underfull \hbox (badness 3375) in paragraph at lines 9--10
[]\T1/cmr/m/n/12 Durante o de-sen-vol-vi-mento deste tra-ba-lho, al-gu-mas di-f
i-cul-da-des fo-ram
 []

[54



]
Underfull \hbox (badness 10000) detected at line 11
[]
 []

)

Package Fancyhdr Warning: \headheight is too small (12.0pt): 
 Make it at least 13.59999pt.
 We now make it that large for the rest of the document.
 This may cause the page layout to be inconsistent, however.

[55] (./Monografia.bbl)
Package atveryend Info: Empty hook `BeforeClearDocument' on input line 225.
Package atveryend Info: Empty hook `AfterLastShipout' on input line 225.
 (./Monografia.aux (./pretexto/capa_externa.aux)
(./pretexto/capa.aux) (./pretexto/folhadeaprovacao.aux) (./pretexto/resumo.aux)
(./pretexto/abstract.aux) (./pretexto/dedicatoria.aux)
(./pretexto/epistrofe.aux) (./chp1/introducao.aux) (./chp2/hd.aux)
(./chp3/ferramentas.aux) (./chp4/metodologia.aux) (./chp5/resultados.aux)
(./chp6/conclusoes.aux))
Package atveryend Info: Executing hook `AtVeryEndDocument' on input line 225.
Package atveryend Info: Executing hook `AtEndAfterFileList' on input line 225.
Package rerunfilecheck Info: File `Monografia.out' has not changed.
(rerunfilecheck)             Checksum: 22FDAEE13E63559746F71A3A17626992;3373.


LaTeX Warning: There were undefined references.


LaTeX Warning: Label(s) may have changed. Rerun to get cross-references right.

Package atveryend Info: Empty hook `AtVeryVeryEnd' on input line 225.
 ) 
Here is how much of TeX's memory you used:
 13426 strings out of 493633
 192137 string characters out of 3143378
 337221 words of memory out of 3000000
 15988 multiletter control sequences out of 15000+200000
 30688 words of font info for 70 fonts, out of 3000000 for 9000
 841 hyphenation exceptions out of 8191
 43i,19n,45p,1464b,562s stack positions out of 5000i,500n,10000p,200000b,50000s
{/usr/local/texlive/2011/texmf-dist/fonts/enc/dvips/cm-super/cm-super-t1.enc}
{/usr/local/texlive/2011/texmf-dist/fonts/enc/dvips/base/8r.enc}</usr/local/tex
live/2011/texmf-dist/fonts/type1/public/amsfonts/cm/cmmi12.pfb></usr/local/texl
ive/2011/texmf-dist/fonts/type1/public/amsfonts/cm/cmr10.pfb></usr/local/texliv
e/2011/texmf-dist/fonts/type1/public/amsfonts/cm/cmr12.pfb></usr/local/texlive/
2011/texmf-dist/fonts/type1/public/amsfonts/cm/cmr8.pfb></usr/local/texlive/201
1/texmf-dist/fonts/type1/public/amsfonts/cm/cmsy10.pfb></usr/local/texlive/2011
/texmf-dist/fonts/type1/public/amsfonts/symbols/msam10.pfb></usr/local/texlive/
2011/texmf-dist/fonts/type1/public/cm-super/sfbi1200.pfb></usr/local/texlive/20
11/texmf-dist/fonts/type1/public/cm-super/sfbi1440.pfb></usr/local/texlive/2011
/texmf-dist/fonts/type1/public/cm-super/sfbx1000.pfb></usr/local/texlive/2011/t
exmf-dist/fonts/type1/public/cm-super/sfbx1095.pfb></usr/local/texlive/2011/tex
mf-dist/fonts/type1/public/cm-super/sfbx1200.pfb></usr/local/texlive/2011/texmf
-dist/fonts/type1/public/cm-super/sfbx1440.pfb></usr/local/texlive/2011/texmf-d
ist/fonts/type1/public/cm-super/sfbx1728.pfb></usr/local/texlive/2011/texmf-dis
t/fonts/type1/public/cm-super/sfbx2488.pfb></usr/local/texlive/2011/texmf-dist/
fonts/type1/public/cm-super/sfcc1200.pfb></usr/local/texlive/2011/texmf-dist/fo
nts/type1/public/cm-super/sfrm0700.pfb></usr/local/texlive/2011/texmf-dist/font
s/type1/public/cm-super/sfrm0800.pfb></usr/local/texlive/2011/texmf-dist/fonts/
type1/public/cm-super/sfrm1000.pfb></usr/local/texlive/2011/texmf-dist/fonts/ty
pe1/public/cm-super/sfrm1095.pfb></usr/local/texlive/2011/texmf-dist/fonts/type
1/public/cm-super/sfrm1200.pfb></usr/local/texlive/2011/texmf-dist/fonts/type1/
public/cm-super/sfrm1440.pfb></usr/local/texlive/2011/texmf-dist/fonts/type1/pu
blic/cm-super/sfss1200.pfb></usr/local/texlive/2011/texmf-dist/fonts/type1/publ
ic/cm-super/sfti0800.pfb></usr/local/texlive/2011/texmf-dist/fonts/type1/public
/cm-super/sfti1000.pfb></usr/local/texlive/2011/texmf-dist/fonts/type1/public/c
m-super/sfti1095.pfb></usr/local/texlive/2011/texmf-dist/fonts/type1/public/cm-
super/sfti1200.pfb></usr/local/texlive/2011/texmf-dist/fonts/type1/urw/times/ut
mr8a.pfb>
Output written on Monografia.pdf (68 pages, 2913367 bytes).
PDF statistics:
 1599 PDF objects out of 1728 (max. 8388607)
 1402 compressed objects within 15 object streams
 256 named destinations out of 1000 (max. 500000)
 577 words of extra memory for PDF output out of 10000 (max. 10000000)

