\BOOKMARK [1][-]{CHP:RESUM0.1}{Resumo}{}% 1
\BOOKMARK [1][-]{CHP:ABSTRACT.1}{Abstract}{}% 2
\BOOKMARK [1][-]{sumario_label.1}{Sum\341rio}{}% 3
\BOOKMARK [0][-]{chapter*.2}{Lista de Figuras}{}% 4
\BOOKMARK [0][-]{chapter*.2}{Lista de Tabelas}{}% 5
\BOOKMARK [0][-]{chapter*.2}{Lista de Siglas}{}% 6
\BOOKMARK [0][-]{chapter.1}{Introdu\347\343o}{}% 7
\BOOKMARK [1][-]{section.1.1}{Motiva\347\343o}{chapter.1}% 8
\BOOKMARK [1][-]{section.1.2}{Objetivos}{chapter.1}% 9
\BOOKMARK [2][-]{subsection.1.2.1}{Objetivos Gerais}{section.1.2}% 10
\BOOKMARK [2][-]{subsection.1.2.2}{Objetivos Espec\355ficos}{section.1.2}% 11
\BOOKMARK [1][-]{section.1.3}{Organiza\347\343o do Texto}{chapter.1}% 12
\BOOKMARK [0][-]{chapter.2}{Fundamenta\347\343o te\363rica}{}% 13
\BOOKMARK [1][-]{section.2.1}{Introdu\347\343o}{chapter.2}% 14
\BOOKMARK [1][-]{section.2.2}{SaaS}{chapter.2}% 15
\BOOKMARK [1][-]{section.2.3}{REST}{chapter.2}% 16
\BOOKMARK [2][-]{subsection.2.3.1}{RESTful}{section.2.3}% 17
\BOOKMARK [1][-]{section.2.4}{JSON}{chapter.2}% 18
\BOOKMARK [2][-]{subsection.2.4.1}{Introdu\347\343o}{section.2.4}% 19
\BOOKMARK [2][-]{subsection.2.4.2}{Defini\347\343o}{section.2.4}% 20
\BOOKMARK [2][-]{subsection.2.4.3}{Estrutura}{section.2.4}% 21
\BOOKMARK [1][-]{section.2.5}{Rails}{chapter.2}% 22
\BOOKMARK [2][-]{subsection.2.5.1}{Vis\343o Geral}{section.2.5}% 23
\BOOKMARK [1][-]{section.2.6}{iOS}{chapter.2}% 24
\BOOKMARK [2][-]{subsection.2.6.1}{Vis\343o Geral}{section.2.6}% 25
\BOOKMARK [2][-]{subsection.2.6.2}{Ciclo de vida}{section.2.6}% 26
\BOOKMARK [1][-]{section.2.7}{Android}{chapter.2}% 27
\BOOKMARK [2][-]{subsection.2.7.1}{Vis\343o Geral}{section.2.7}% 28
\BOOKMARK [2][-]{subsection.2.7.2}{Ciclo de vida}{section.2.7}% 29
\BOOKMARK [1][-]{section.2.8}{Resumo do Cap\355tulo}{chapter.2}% 30
\BOOKMARK [0][-]{chapter.3}{Aplica\347\343o}{}% 31
\BOOKMARK [1][-]{section.3.1}{Vis\343o geral}{chapter.3}% 32
\BOOKMARK [1][-]{section.3.2}{Requisitos}{chapter.3}% 33
\BOOKMARK [2][-]{subsection.3.2.1}{Requisitos funcionais}{section.3.2}% 34
\BOOKMARK [2][-]{subsection.3.2.2}{Requisitos n\343o-funcionais}{section.3.2}% 35
\BOOKMARK [1][-]{section.3.3}{Casos de uso}{chapter.3}% 36
\BOOKMARK [1][-]{section.3.4}{Diagrama de classes}{chapter.3}% 37
\BOOKMARK [1][-]{section.3.5}{Diagrama de entidades}{chapter.3}% 38
\BOOKMARK [0][-]{chapter.4}{Implementa\347\343o web}{}% 39
\BOOKMARK [1][-]{section.4.1}{Cria\347\343o de aplica\347\343o}{chapter.4}% 40
\BOOKMARK [1][-]{section.4.2}{Rotas}{chapter.4}% 41
\BOOKMARK [1][-]{section.4.3}{Autentica\347\343o}{chapter.4}% 42
\BOOKMARK [1][-]{section.4.4}{Front-End com bootstrap}{chapter.4}% 43
\BOOKMARK [1][-]{section.4.5}{Deploy}{chapter.4}% 44
\BOOKMARK [0][-]{chapter.5}{Comparativo Android x iOS}{}% 45
\BOOKMARK [1][-]{section.5.1}{Ambienta\347\343o}{chapter.5}% 46
\BOOKMARK [2][-]{subsection.5.1.1}{Linguagens}{section.5.1}% 47
\BOOKMARK [2][-]{subsection.5.1.2}{IDEs}{section.5.1}% 48
\BOOKMARK [1][-]{section.5.2}{Arquitetura}{chapter.5}% 49
\BOOKMARK [2][-]{subsection.5.2.1}{Arquivos gerados}{section.5.2}% 50
\BOOKMARK [1][-]{section.5.3}{Controles b\341sicos}{chapter.5}% 51
\BOOKMARK [2][-]{subsection.5.3.1}{Mostrando textos}{section.5.3}% 52
\BOOKMARK [2][-]{subsection.5.3.2}{Inserindo textos}{section.5.3}% 53
\BOOKMARK [2][-]{subsection.5.3.3}{Capturando eventos de bot\365es}{section.5.3}% 54
\BOOKMARK [1][-]{section.5.4}{Criando listas}{chapter.5}% 55
\BOOKMARK [2][-]{subsection.5.4.1}{Listando arrays}{section.5.4}% 56
\BOOKMARK [2][-]{subsection.5.4.2}{Personalizando linhas}{section.5.4}% 57
\BOOKMARK [2][-]{subsection.5.4.3}{Capturando eventos de sele\347\343o}{section.5.4}% 58
\BOOKMARK [1][-]{section.5.5}{Acesso a dados}{chapter.5}% 59
\BOOKMARK [2][-]{subsection.5.5.1}{SQLite}{section.5.5}% 60
\BOOKMARK [2][-]{subsection.5.5.2}{Prefer\352ncias}{section.5.5}% 61
\BOOKMARK [1][-]{section.5.6}{Parser JSON}{chapter.5}% 62
\BOOKMARK [1][-]{section.5.7}{Conex\343o HTTP}{chapter.5}% 63
\BOOKMARK [0][-]{chapter.6}{Resultados}{}% 64
\BOOKMARK [0][-]{chapter.7}{Conclus\343o}{}% 65
\BOOKMARK [1][-]{section.7.1}{Perspectivas Futuras}{chapter.7}% 66
\BOOKMARK [0][-]{chapter*.4}{Refer\352ncias Bibliogr\341ficas}{}% 67
