\BOOKMARK [0][-]{Doc-Start}{Lista de Figuras}{}% 1
\BOOKMARK [0][-]{Doc-Start}{Lista de Tabelas}{}% 2
\BOOKMARK [0][-]{chapter.1}{Introdu\347\343o}{}% 3
\BOOKMARK [1][-]{section.1.1}{Contextualiza\347\343o}{chapter.1}% 4
\BOOKMARK [1][-]{section.1.2}{Objetivos}{chapter.1}% 5
\BOOKMARK [2][-]{subsection.1.2.1}{Objetivos Gerais}{section.1.2}% 6
\BOOKMARK [2][-]{subsection.1.2.2}{Objetivos Espec\355ficos}{section.1.2}% 7
\BOOKMARK [1][-]{section.1.3}{Metodologia utilizada}{chapter.1}% 8
\BOOKMARK [1][-]{section.1.4}{Estrutura da monografia }{chapter.1}% 9
\BOOKMARK [0][-]{chapter.2}{Fundamenta\347\343o Te\363rica}{}% 10
\BOOKMARK [1][-]{section.2.1}{Servi\347os PaaS}{chapter.2}% 11
\BOOKMARK [2][-]{subsection.2.1.1}{Defini\347\343o}{section.2.1}% 12
\BOOKMARK [2][-]{subsection.2.1.2}{Heroku}{section.2.1}% 13
\BOOKMARK [1][-]{section.2.2}{REST}{chapter.2}% 14
\BOOKMARK [2][-]{subsection.2.2.1}{RESTful}{section.2.2}% 15
\BOOKMARK [1][-]{section.2.3}{JSON}{chapter.2}% 16
\BOOKMARK [2][-]{subsection.2.3.1}{Introdu\347\343o}{section.2.3}% 17
\BOOKMARK [2][-]{subsection.2.3.2}{Defini\347\343o}{section.2.3}% 18
\BOOKMARK [2][-]{subsection.2.3.3}{compara\347\343o com XML}{section.2.3}% 19
\BOOKMARK [2][-]{subsection.2.3.4}{Estrutura}{section.2.3}% 20
\BOOKMARK [1][-]{section.2.4}{Ruby on Rails}{chapter.2}% 21
\BOOKMARK [2][-]{subsection.2.4.1}{Ruby}{section.2.4}% 22
\BOOKMARK [2][-]{subsection.2.4.2}{Rails}{section.2.4}% 23
\BOOKMARK [1][-]{section.2.5}{Smartphones}{chapter.2}% 24
\BOOKMARK [1][-]{section.2.6}{iOS}{chapter.2}% 25
\BOOKMARK [2][-]{subsection.2.6.1}{Vis\343o Geral}{section.2.6}% 26
\BOOKMARK [2][-]{subsection.2.6.2}{Linguagem: Objective-c}{section.2.6}% 27
\BOOKMARK [2][-]{subsection.2.6.3}{Ciclo de vida}{section.2.6}% 28
\BOOKMARK [1][-]{section.2.7}{Android}{chapter.2}% 29
\BOOKMARK [2][-]{subsection.2.7.1}{Vis\343o Geral}{section.2.7}% 30
\BOOKMARK [2][-]{subsection.2.7.2}{Linguagem: Java}{section.2.7}% 31
\BOOKMARK [2][-]{subsection.2.7.3}{Ciclo de vida}{section.2.7}% 32
\BOOKMARK [1][-]{section.2.8}{Resumo do Cap\355tulo}{chapter.2}% 33
\BOOKMARK [0][-]{chapter.3}{Aplica\347\343o}{}% 34
\BOOKMARK [1][-]{section.3.1}{Vis\343o geral}{chapter.3}% 35
\BOOKMARK [1][-]{section.3.2}{Requisitos}{chapter.3}% 36
\BOOKMARK [2][-]{subsection.3.2.1}{Requisitos funcionais}{section.3.2}% 37
\BOOKMARK [2][-]{subsection.3.2.2}{Requisitos n\343o-funcionais}{section.3.2}% 38
\BOOKMARK [1][-]{section.3.3}{Casos de uso}{chapter.3}% 39
\BOOKMARK [1][-]{section.3.4}{Diagrama de classes}{chapter.3}% 40
\BOOKMARK [0][-]{chapter.4}{Implementa\347\343o web}{}% 41
\BOOKMARK [1][-]{section.4.1}{Ambienta\347\343o}{chapter.4}% 42
\BOOKMARK [1][-]{section.4.2}{Cria\347\343o de aplica\347\343o}{chapter.4}% 43
\BOOKMARK [1][-]{section.4.3}{Estrutura}{chapter.4}% 44
\BOOKMARK [1][-]{section.4.4}{Banco de dados}{chapter.4}% 45
\BOOKMARK [2][-]{subsection.4.4.1}{PostgreSQL}{section.4.4}% 46
\BOOKMARK [2][-]{subsection.4.4.2}{Modelos}{section.4.4}% 47
\BOOKMARK [2][-]{subsection.4.4.3}{Relacionamentos}{section.4.4}% 48
\BOOKMARK [1][-]{section.4.5}{Rotas e REST}{chapter.4}% 49
\BOOKMARK [1][-]{section.4.6}{Autentica\347\343o}{chapter.4}% 50
\BOOKMARK [1][-]{section.4.7}{Front-End}{chapter.4}% 51
\BOOKMARK [2][-]{subsection.4.7.1}{Bootstrap}{section.4.7}% 52
\BOOKMARK [1][-]{section.4.8}{Deploy}{chapter.4}% 53
\BOOKMARK [0][-]{chapter.5}{Comparativo Android x iOS}{}% 54
\BOOKMARK [1][-]{section.5.1}{Ambienta\347\343o}{chapter.5}% 55
\BOOKMARK [2][-]{subsection.5.1.1}{iOS}{section.5.1}% 56
\BOOKMARK [2][-]{subsection.5.1.2}{Android}{section.5.1}% 57
\BOOKMARK [1][-]{section.5.2}{Mostrando textos}{chapter.5}% 58
\BOOKMARK [2][-]{subsection.5.2.1}{iOS}{section.5.2}% 59
\BOOKMARK [2][-]{subsection.5.2.2}{Android}{section.5.2}% 60
\BOOKMARK [1][-]{section.5.3}{Inserindo textos}{chapter.5}% 61
\BOOKMARK [2][-]{subsection.5.3.1}{iOS}{section.5.3}% 62
\BOOKMARK [2][-]{subsection.5.3.2}{Android}{section.5.3}% 63
\BOOKMARK [1][-]{section.5.4}{Bot\365es e eventos}{chapter.5}% 64
\BOOKMARK [2][-]{subsection.5.4.1}{iOS}{section.5.4}% 65
\BOOKMARK [2][-]{subsection.5.4.2}{Android}{section.5.4}% 66
\BOOKMARK [1][-]{section.5.5}{Criando listas}{chapter.5}% 67
\BOOKMARK [2][-]{subsection.5.5.1}{iOS}{section.5.5}% 68
\BOOKMARK [2][-]{subsection.5.5.2}{Android}{section.5.5}% 69
\BOOKMARK [1][-]{section.5.6}{Acesso a dados}{chapter.5}% 70
\BOOKMARK [2][-]{subsection.5.6.1}{SQLite}{section.5.6}% 71
\BOOKMARK [2][-]{subsection.5.6.2}{Prefer\352ncias}{section.5.6}% 72
\BOOKMARK [1][-]{section.5.7}{Parser JSON}{chapter.5}% 73
\BOOKMARK [2][-]{subsection.5.7.1}{iOS}{section.5.7}% 74
\BOOKMARK [2][-]{subsection.5.7.2}{Android}{section.5.7}% 75
\BOOKMARK [1][-]{section.5.8}{Conex\343o HTTP}{chapter.5}% 76
\BOOKMARK [1][-]{section.5.9}{iOS}{chapter.5}% 77
\BOOKMARK [2][-]{subsection.5.9.1}{Android}{section.5.9}% 78
\BOOKMARK [0][-]{chapter.6}{Conclus\343o}{}% 79
\BOOKMARK [1][-]{section.6.1}{Contribui\347\365es}{chapter.6}% 80
\BOOKMARK [1][-]{section.6.2}{Limita\347\365es}{chapter.6}% 81
\BOOKMARK [1][-]{section.6.3}{Trabalhos futuros}{chapter.6}% 82
\BOOKMARK [0][-]{section.6.3}{Refer\352ncias Bibliogr\341ficas}{}% 83
